Log file open, 04/16/15 09:59:35
LogInit:Display: Running engine for game: VehicleGame
LogInit: Version: 4.7.5-2503383+++depot+UE4-Releases+4.7
LogInit: API Version: 2455222
LogInit: Compiled (64-bit): Apr  6 2015 23:21:51
LogInit: Compiled with Visual C++: 18.00.21005.01
LogInit: Build Configuration: Development
LogInit: Branch Name: ++depot+UE4-Releases+4.7
LogInit: Command line:  
LogInit: Base directory: D:/UE4/Unreal Engine/4.7/Engine/Binaries/Win64/
LogInit: Rocket: 1
[2015.04.16-13.59.35:550][  0]LogTaskGraph: Started task graph with 3 named threads and 6 total threads.
[2015.04.16-13.59.35:615][  0]LogOnline:Warning: No default platform service specified for OnlineSubsystem
[2015.04.16-13.59.35:645][  0]LogInit: Presizing for 0 objects not considered by GC, pre-allocating 0 bytes.
[2015.04.16-13.59.35:668][  0]LogInit: Object subsystem initialized
[2015.04.16-13.59.35:671][  0]LogInit: Selected Device Profile: [Windows]
[2015.04.16-13.59.35:671][  0]LogInit: Applying CVar settings loaded from the selected device profile: [Windows]
[2015.04.16-13.59.35:689][  0]LogInit: Computer: WES_PC
[2015.04.16-13.59.35:689][  0]LogInit: User: Grimluckyreaper
[2015.04.16-13.59.35:689][  0]LogInit: CPU Page size=4096, Cores=4
[2015.04.16-13.59.35:689][  0]LogInit: High frequency timer resolution =2.143603 MHz
[2015.04.16-13.59.35:689][  0]LogMemory: Memory total: Physical=7.8GB (8GB approx) Virtual=8192.0GB
[2015.04.16-13.59.35:690][  0]LogMemory: Platform Memory Stats for Windows
[2015.04.16-13.59.35:690][  0]LogMemory: Process Physical Memory: 49.03 MB used, 49.03 MB peak
[2015.04.16-13.59.35:690][  0]LogMemory: Process Virtual Memory: 28.88 MB used, 28.89 MB peak
[2015.04.16-13.59.35:690][  0]LogMemory: Physical Memory: 3980.33 MB used, 7968.06 MB total
[2015.04.16-13.59.35:690][  0]LogMemory: Virtual Memory: 279.26 MB used, 8388608.00 MB total
[2015.04.16-13.59.35:788][  0]LogD3D11RHI: Found D3D11 adapter 0: Intel(R) HD Graphics 3000 (Feature Level 11_0)
[2015.04.16-13.59.35:788][  0]LogD3D11RHI: Adapter has 1998MB of dedicated video memory, 0MB of dedicated system memory, and 2047MB of shared system memory, 1 output[s]
[2015.04.16-13.59.35:788][  0]LogD3D11RHI: Chosen D3D11 Adapter Id = 0
[2015.04.16-13.59.35:800][  0]LogRHI: Texture pool is 1361 MB (70% of 1945 MB)
[2015.04.16-13.59.35:831][  0]LogD3D11RHI: Async texture creation enabled
[2015.04.16-13.59.35:987][  0]LogTextLocalizationManager: The requested culture ('en_US') has no localization data; parent culture's ('en') localization data will be used.
[2015.04.16-13.59.36:192][  0]LogTextLocalizationManager:Warning: Loading localization resources contain conflicting entries for (Namespace:UICommands, Key:Save_ToolTip):
Resource: (D:/UE4/Unreal Engine/4.7/Engine/Content/Localization/Editor/en/Editor.locres) Hash: (-29098895) String: (Saves the current level to disk)
Resource: (D:/UE4/Unreal Engine/4.7/Engine/Content/Localization/Engine/en/Engine.locres) Hash: (-1280300587) String: (Save selected data to vlog file)
[2015.04.16-13.59.36:192][  0]LogTextLocalizationManager:Warning: Loading localization resources contain conflicting entries for (Namespace:ContentBrowser, Key:ImportAssetToolTip):
Resource: (D:/UE4/Unreal Engine/4.7/Engine/Content/Localization/Editor/en/Editor.locres) Hash: (-630476809) String: (Import to {0}...)
Resource: (D:/UE4/Unreal Engine/4.7/Engine/Content/Localization/Editor/en/Editor.locres) Hash: (1271782899) String: (Imports an asset from file to this folder.)
[2015.04.16-13.59.36:422][  0]LogContentStreaming: Texture pool size is 0.000000MB
[2015.04.16-13.59.41:384][  0]LogTargetPlatformManager:Display: Building Assets For Windows
[2015.04.16-13.59.42:436][  0]LogTargetPlatformManager:Display: Building Assets For Windows
[2015.04.16-13.59.42:603][  0]LogDerivedDataCache:Display: Max Cache Size: 512 MB
[2015.04.16-13.59.42:663][  0]LogDerivedDataCache: Loaded boot cache 0.06s 44MB C:/Users/Grimluckyreaper/AppData/Local/UnrealEngine/4.7/DerivedDataCache/Boot.ddc.
[2015.04.16-13.59.42:663][  0]LogDerivedDataCache:Display: Loaded Boot cache: C:/Users/Grimluckyreaper/AppData/Local/UnrealEngine/4.7/DerivedDataCache/Boot.ddc
[2015.04.16-13.59.42:917][  0]LogDerivedDataCache:Display: Pak cache opened for reading ../../../../../Unreal Projects/VehicleGame/DerivedDataCache/DDC.ddp.
[2015.04.16-13.59.43:121][  0]LogDerivedDataCache:Display: Pak cache opened for reading ../../../Engine/DerivedDataCache/Compressed.ddp.
[2015.04.16-13.59.43:132][  0]LogDerivedDataCache: Using Local data cache path C:/Users/Grimluckyreaper/AppData/Local/UnrealEngine/Common/DerivedDataCache: Writable
[2015.04.16-13.59.43:774][  0]LogMeshUtilities: No automatic mesh reduction module available
[2015.04.16-13.59.43:774][  0]LogMeshUtilities: No automatic mesh merging module available
[2015.04.16-13.59.44:390][  0]LogInit: WinSock: version 1.1 (2.2), MaxSocks=32767, MaxUdp=65467
[2015.04.16-13.59.44:536][  0]LogSlate:Warning: Failed to load font data from '../../../Engine/Content/Slate/Fonts/Roboto-Italic.ttf'
[2015.04.16-13.59.46:379][  0]LogLinker:Warning: Can't find file '/Game/UI/Menu/LoadingScreen'
[2015.04.16-13.59.46:380][  0]LogLinker:Warning: Can't find file '/Game/UI/Menu/LoadingScreen'
[2015.04.16-13.59.46:380][  0]LogUObjectGlobals:Warning: Failed to find object 'Object /Game/UI/Menu/LoadingScreen.LoadingScreen'
[2015.04.16-13.59.46:520][  0]UdpMessaging: Initializing bridge on interface 0.0.0.0:0 to multicast group 230.0.0.1:6666.
[2015.04.16-13.59.46:709][  0]LogLinker:Warning: Asset '../../../../../Unreal Projects/VehicleGame/Content/UI/Styles/DefaultVehicleMenuItemStyle.uasset' has been saved with empty engine version. The asset will be loaded but may be incompatible.
[2015.04.16-13.59.46:713][  0]LogLinker:Warning: Asset '../../../../../Unreal Projects/VehicleGame/Content/UI/Styles/DefaultVehicleMenuSoundsStyle.uasset' has been saved with empty engine version. The asset will be loaded but may be incompatible.
[2015.04.16-13.59.46:767][  0]LogLinker:Warning: Asset '../../../../../Unreal Projects/VehicleGame/Content/UI/Styles/DefaultVehicleMenuStyle.uasset' has been saved with empty engine version. The asset will be loaded but may be incompatible.
[2015.04.16-13.59.46:804][  0]LogAssetRegistry: FAssetRegistry took 0.0095 seconds to start up
[2015.04.16-13.59.46:869][  0]LogDirectoryWatcher:Warning: Failed to begin reading directory changes for ../../../Engine/Plugins/Experimental/CharacterAI/Content/. Error: 0
[2015.04.16-13.59.47:179][  0]SourceControl: Info Source control is disabled
[2015.04.16-13.59.47:179][  0]SourceControl: Info Source control is disabled
[2015.04.16-13.59.47:179][  0]SourceControl: Info Source control is disabled
[2015.04.16-13.59.47:179][  0]LogSourceControl: RunCommandInternalRaw: 'git version'
[2015.04.16-13.59.47:179][  0]LogSourceControl: RunCommandInternalRaw: ExecProcess ReturnCode=2 OutResults=''
[2015.04.16-13.59.47:194][  0]SourceControl: Info Source control is disabled
[2015.04.16-13.59.47:605][  0]LogObj: 24707 objects as part of root set at end of initial load.
[2015.04.16-13.59.47:605][  0]LogUObjectAllocator: 5345808 out of 0 bytes used by permanent object pool.
[2015.04.16-13.59.47:737][  0]LogEngine: Initializing Engine...
[2015.04.16-13.59.50:047][  0]LogInit: XAudio2 using 'Speakers (Realtek High Definition Audio)' : 2 channels at 48 kHz using 32 bits per sample (channel mask 0x3)
[2015.04.16-13.59.50:155][  0]LogInit: FAudioDevice initialized.
[2015.04.16-13.59.50:231][  0]LogAIModule: Creating AISystem for world NewWorld
[2015.04.16-13.59.50:263][  0]LogDerivedDataCache: Saved boot cache 0.03s 44MB C:/Users/Grimluckyreaper/AppData/Local/UnrealEngine/4.7/DerivedDataCache/Boot.ddc.
[2015.04.16-13.59.50:272][  0]LogInit: Texture streaming: Enabled
[2015.04.16-13.59.50:441][  0]LogAnalytics: Creating configured Analytics provider AnalyticsET
[2015.04.16-13.59.50:441][  0]LogAnalytics: ET APIKey = Rocket.Release. APIServer = http://et2.epicgames.com/ET2/. AppVersion = 4.7.5-2503383+++depot+UE4-Releases+4.7
[2015.04.16-13.59.50:441][  0]LogAnalytics: ET APIKey = Rocket.Release. DataRouterUploadURL = https://datarouter-public-service-gamedev.ol.epicgames.net/datarouter/api/v1/public/data. AppVersion = 4.7.5-2503383+++depot+UE4-Releases+4.7
[2015.04.16-13.59.50:442][  0]LogAnalytics: SetUserId 216ad70a4b3a102f49266e98852b3e1b|94eeed8cff384e178a9fc49eec0aee6f|5c619ee7-1b92-4f7d-a5a5-92e71355bcdd
[2015.04.16-13.59.50:442][  0]LogAnalytics: AnalyticsET::StartSession [Rocket.Release]
[2015.04.16-13.59.50:484][  0]LogInit: Transaction tracking system initialized
[2015.04.16-13.59.50:845][  0]BlueprintLog: New page: Editor Load
[2015.04.16-13.59.51:998][  0]LogTargetPlatformManager:Display: Building Assets For Windows
[2015.04.16-13.59.52:672][  0]LogTargetPlatformManager:Display: Building Assets For Windows
[2015.04.16-13.59.53:080][  0]LogSlate:Warning: Failed to load font data from '../../../Engine/Content/Editor/Slate/Fonts/Roboto-Regular.ttf'
[2015.04.16-13.59.53:081][  0]LogSlate:Warning: Failed to load font data from '../../../Engine/Content/Editor/Slate/Fonts/Roboto-Bold.ttf'
[2015.04.16-13.59.53:090][  0]LogConsoleResponse:Display: 
[2015.04.16-13.59.53:090][  0]LogConsoleResponse:Display:   GraphicsQuality 1
[2015.04.16-13.59.53:532][  0]LogCook:Display: Done creating registry. It took  0.00s.
[2015.04.16-13.59.53:859][  0]SourceControl: Info Source control is disabled
[2015.04.16-13.59.53:860][  0]Cmd: MAP LOAD FILE="../../../../../Unreal Projects/VehicleGame/Content/Maps/DesertRallyRace.umap" TEMPLATE=0 SHOWPROGRESS=1 FEATURELEVEL=3
[2015.04.16-13.59.53:860][  0]LightingResults: New page: Lighting Build
[2015.04.16-13.59.53:896][  0]MapCheck: New page: Map Check
[2015.04.16-13.59.53:896][  0]LightingResults: New page: Lighting Build
[2015.04.16-13.59.53:931][  0]LogParticles: Destroying 0 GPU particle simulations for FXSystem 0x000000001830A980
[2015.04.16-13.59.54:498][  0]LogLinker:Warning: Asset '../../../../../Unreal Projects/VehicleGame/Content/Vehicles/VH_Buggy/Blueprint/VH_PlayerController.uasset' has been saved with empty engine version. The asset will be loaded but may be incompatible.
[2015.04.16-14.00.04:136][  0]BlueprintLog:Warning: Warning Blueprint Impact_default has been migrated and requires re-saving to avoid import errors
[2015.04.16-14.01.19:698][  0]MapCheck: Info Lake StaticMeshComponent0 : Repaired painted vertex colors 
[2015.04.16-14.01.19:702][  0]MapCheck: Info SM_AncientHouse_Window_2 StaticMeshComponent0 : Repaired painted vertex colors 
[2015.04.16-14.01.19:703][  0]MapCheck: Info SM_AncientHouse_Window_71 StaticMeshComponent0 : Repaired painted vertex colors 
[2015.04.16-14.01.19:727][  0]MapCheck: Info SM_House1_Walls_23 StaticMeshComponent0 : Repaired painted vertex colors 
[2015.04.16-14.01.19:732][  0]MapCheck: Info SM_House1_Walls_58 StaticMeshComponent0 : Repaired painted vertex colors 
[2015.04.16-14.01.19:838][  0]MapCheck: Info SM_House1_Wood_59 StaticMeshComponent0 : Repaired painted vertex colors 
[2015.04.16-14.01.19:960][  0]MapCheck: Info SM_House1_Wood_61 StaticMeshComponent0 : Repaired painted vertex colors 
[2015.04.16-14.01.20:112][  0]MapCheck: Info SM_House1_Wood_64 StaticMeshComponent0 : Repaired painted vertex colors 
[2015.04.16-14.01.20:240][  0]MapCheck: Info SM_House1_Wood_65 StaticMeshComponent0 : Repaired painted vertex colors 
[2015.04.16-14.01.20:365][  0]MapCheck: Info SM_House1_Wood_66 StaticMeshComponent0 : Repaired painted vertex colors 
[2015.04.16-14.01.20:389][  0]MapCheck: Info SM_Throne_Exterior_CoverB_11 StaticMeshComponent0 : Repaired painted vertex colors 
[2015.04.16-14.01.20:391][  0]MapCheck: Info SM_Throne_Exterior_CoverB_12 StaticMeshComponent0 : Repaired painted vertex colors 
[2015.04.16-14.01.20:396][  0]MapCheck: Info SM_Throne_Exterior_CoverB_14 StaticMeshComponent0 : Repaired painted vertex colors 
[2015.04.16-14.01.20:401][  0]MapCheck: Info SM_Throne_Exterior_CoverB_15 StaticMeshComponent0 : Repaired painted vertex colors 
[2015.04.16-14.01.20:405][  0]MapCheck: Info SM_Throne_Exterior_CoverB_16 StaticMeshComponent0 : Repaired painted vertex colors 
[2015.04.16-14.01.20:407][  0]MapCheck: Info SM_Throne_Exterior_CoverB_18 StaticMeshComponent0 : Repaired painted vertex colors 
[2015.04.16-14.01.20:409][  0]MapCheck: Info SM_Throne_Exterior_CoverB_186 StaticMeshComponent0 : Repaired painted vertex colors 
[2015.04.16-14.01.20:413][  0]MapCheck: Info SM_Throne_Exterior_CoverB_19 StaticMeshComponent0 : Repaired painted vertex colors 
[2015.04.16-14.01.20:414][  0]MapCheck: Info SM_Throne_Exterior_CoverB_20 StaticMeshComponent0 : Repaired painted vertex colors 
[2015.04.16-14.01.20:420][  0]MapCheck: Info SM_Throne_Exterior_CoverB_21 StaticMeshComponent0 : Repaired painted vertex colors 
[2015.04.16-14.01.20:422][  0]MapCheck: Info SM_Throne_Exterior_CoverB_4 StaticMeshComponent0 : Repaired painted vertex colors 
[2015.04.16-14.01.20:428][  0]MapCheck: Info SM_Throne_Exterior_CoverB_45 StaticMeshComponent0 : Repaired painted vertex colors 
[2015.04.16-14.01.20:433][  0]MapCheck: Info SM_Throne_Exterior_CoverB_5 StaticMeshComponent0 : Repaired painted vertex colors 
[2015.04.16-14.01.20:439][  0]MapCheck: Info SM_Throne_Exterior_CoverB_50 StaticMeshComponent0 : Repaired painted vertex colors 
[2015.04.16-14.01.20:445][  0]MapCheck: Info SM_Throne_Exterior_CoverB_6 StaticMeshComponent0 : Repaired painted vertex colors 
[2015.04.16-14.01.20:451][  0]MapCheck: Info SM_Throne_Exterior_CoverB_64 StaticMeshComponent0 : Repaired painted vertex colors 
[2015.04.16-14.01.20:453][  0]MapCheck: Info SM_Throne_Exterior_CoverB_7 StaticMeshComponent0 : Repaired painted vertex colors 
[2015.04.16-14.01.20:463][  0]MapCheck: Info SM_Throne_Exterior_CoverB_73 StaticMeshComponent0 : Repaired painted vertex colors 
[2015.04.16-14.01.20:470][  0]MapCheck: Info SM_Throne_Exterior_CoverB_8 StaticMeshComponent0 : Repaired painted vertex colors 
[2015.04.16-14.01.20:473][  0]MapCheck: Info SM_Throne_Exterior_CoverBlo_10 StaticMeshComponent0 : Repaired painted vertex colors 
[2015.04.16-14.01.20:476][  0]MapCheck: Info SM_Throne_Exterior_CoverBlo_122 StaticMeshComponent0 : Repaired painted vertex colors 
[2015.04.16-14.01.20:478][  0]MapCheck: Info SM_Throne_Exterior_CoverBlo_13 StaticMeshComponent0 : Repaired painted vertex colors 
[2015.04.16-14.01.20:481][  0]MapCheck: Info SM_Throne_Exterior_CoverBlo_14 StaticMeshComponent0 : Repaired painted vertex colors 
[2015.04.16-14.01.20:487][  0]MapCheck: Info SM_Throne_Exterior_CoverBlo_16 StaticMeshComponent0 : Repaired painted vertex colors 
[2015.04.16-14.01.20:493][  0]MapCheck: Info SM_Throne_Exterior_CoverBlo_17 StaticMeshComponent0 : Repaired painted vertex colors 
[2015.04.16-14.01.20:495][  0]MapCheck: Info SM_Throne_Exterior_CoverBlo_3 StaticMeshComponent0 : Repaired painted vertex colors 
[2015.04.16-14.01.20:498][  0]MapCheck: Info SM_Throne_Exterior_CoverBlo_4 StaticMeshComponent0 : Repaired painted vertex colors 
[2015.04.16-14.01.20:500][  0]MapCheck: Info SM_Throne_Exterior_CoverBlo_65 StaticMeshComponent0 : Repaired painted vertex colors 
[2015.04.16-14.01.20:502][  0]MapCheck: Info SM_Throne_Exterior_CoverBlo_68 StaticMeshComponent0 : Repaired painted vertex colors 
[2015.04.16-14.01.20:504][  0]MapCheck: Info SM_Throne_Exterior_CoverBlo_7 StaticMeshComponent0 : Repaired painted vertex colors 
[2015.04.16-14.01.20:506][  0]MapCheck: Info SM_Throne_Exterior_CoverBlo_8 StaticMeshComponent0 : Repaired painted vertex colors 
[2015.04.16-14.01.20:507][  0]MapCheck: Info SM_Throne_Exterior_CoverBlo_81 StaticMeshComponent0 : Repaired painted vertex colors 
[2015.04.16-14.01.20:509][  0]MapCheck: Info SM_Throne_Exterior_CoverBlo_82 StaticMeshComponent0 : Repaired painted vertex colors 
[2015.04.16-14.01.20:511][  0]MapCheck: Info SM_Throne_Exterior_CoverBlo_85 StaticMeshComponent0 : Repaired painted vertex colors 
[2015.04.16-14.01.20:513][  0]MapCheck: Info SM_Throne_Exterior_CoverBlo_9 StaticMeshComponent0 : Repaired painted vertex colors 
[2015.04.16-14.01.20:515][  0]MapCheck: Info SM_Throne_Exterior_Wall_01_9 StaticMeshComponent0 : Repaired painted vertex colors 
[2015.04.16-14.01.20:517][  0]MapCheck: Info SM_Throne_Exterior_Wall_11 StaticMeshComponent0 : Repaired painted vertex colors 
[2015.04.16-14.01.20:519][  0]MapCheck: Info SM_Throne_Exterior_Wall_2 StaticMeshComponent0 : Repaired painted vertex colors 
[2015.04.16-14.01.20:521][  0]MapCheck: Info SM_Throne_Exterior_Wall_3 StaticMeshComponent0 : Repaired painted vertex colors 
[2015.04.16-14.01.20:523][  0]MapCheck: Info SM_Throne_Exterior_Wall_4 StaticMeshComponent0 : Repaired painted vertex colors 
[2015.04.16-14.01.20:525][  0]MapCheck: Info SM_Throne_Exterior_Wall_5 StaticMeshComponent0 : Repaired painted vertex colors 
[2015.04.16-14.01.20:527][  0]MapCheck: Info SM_Throne_Exterior_Wall_6 StaticMeshComponent0 : Repaired painted vertex colors 
[2015.04.16-14.01.20:529][  0]MapCheck: Info SM_Throne_Exterior_Wall_60 StaticMeshComponent0 : Repaired painted vertex colors 
[2015.04.16-14.01.20:531][  0]MapCheck: Info SM_Throne_Exterior_Wall_7 StaticMeshComponent0 : Repaired painted vertex colors 
[2015.04.16-14.01.20:532][  0]MapCheck: Info SM_Throne_Exterior_Wall_8 StaticMeshComponent0 : Repaired painted vertex colors 
[2015.04.16-14.01.20:536][  0]MapCheck: Info SM_Throne_Exterior_Wall_9 StaticMeshComponent0 : Repaired painted vertex colors 
[2015.04.16-14.01.20:538][  0]MapCheck: Info SM_Throne_Exterior_Wall_Broken_01_24 StaticMeshComponent0 : Repaired painted vertex colors 
[2015.04.16-14.01.20:540][  0]MapCheck: Info SM_Throne_Exterior_Wall_Broken_10 StaticMeshComponent0 : Repaired painted vertex colors 
[2015.04.16-14.01.20:542][  0]MapCheck: Info SM_Throne_Exterior_Wall_Broken_11 StaticMeshComponent0 : Repaired painted vertex colors 
[2015.04.16-14.01.20:545][  0]MapCheck: Info SM_Throne_Exterior_Wall_Broken_12 StaticMeshComponent0 : Repaired painted vertex colors 
[2015.04.16-14.01.20:547][  0]MapCheck: Info SM_Throne_Exterior_Wall_Broken_13 StaticMeshComponent0 : Repaired painted vertex colors 
[2015.04.16-14.01.20:549][  0]MapCheck: Info SM_Throne_Exterior_Wall_Broken_15 StaticMeshComponent0 : Repaired painted vertex colors 
[2015.04.16-14.01.20:551][  0]MapCheck: Info SM_Throne_Exterior_Wall_Broken_2 StaticMeshComponent0 : Repaired painted vertex colors 
[2015.04.16-14.01.20:553][  0]MapCheck: Info SM_Throne_Exterior_Wall_Broken_20 StaticMeshComponent0 : Repaired painted vertex colors 
[2015.04.16-14.01.20:555][  0]MapCheck: Info SM_Throne_Exterior_Wall_Broken_21 StaticMeshComponent0 : Repaired painted vertex colors 
[2015.04.16-14.01.20:556][  0]MapCheck: Info SM_Throne_Exterior_Wall_Broken_22 StaticMeshComponent0 : Repaired painted vertex colors 
[2015.04.16-14.01.20:559][  0]MapCheck: Info SM_Throne_Exterior_Wall_Broken_4 StaticMeshComponent0 : Repaired painted vertex colors 
[2015.04.16-14.01.20:562][  0]MapCheck: Info SM_Throne_Exterior_Wall_Broken_5 StaticMeshComponent0 : Repaired painted vertex colors 
[2015.04.16-14.01.20:565][  0]MapCheck: Info SM_Throne_Exterior_Wall_Broken_6 StaticMeshComponent0 : Repaired painted vertex colors 
[2015.04.16-14.01.20:569][  0]MapCheck: Info SM_Throne_Exterior_Wall_Broken_7 StaticMeshComponent0 : Repaired painted vertex colors 
[2015.04.16-14.01.20:572][  0]MapCheck: Info SM_Throne_Exterior_Wall_Broken_8 StaticMeshComponent0 : Repaired painted vertex colors 
[2015.04.16-14.01.20:573][  0]MapCheck: Info SM_Throne_Exterior_Wall_Broken_9 StaticMeshComponent0 : Repaired painted vertex colors 
[2015.04.16-14.01.20:574][  0]MapCheck: Info SM_Throne_Interior_Stairs_1 StaticMeshComponent0 : Repaired painted vertex colors 
[2015.04.16-14.01.20:575][  0]MapCheck: Info SM_Throne_Interior_Stairs_2 StaticMeshComponent0 : Repaired painted vertex colors 
[2015.04.16-14.01.20:576][  0]MapCheck: Info SM_Throne_Interior_Stairs_3 StaticMeshComponent0 : Repaired painted vertex colors 
[2015.04.16-14.01.20:577][  0]MapCheck: Info SM_Throne_Interior_Stairs_4 StaticMeshComponent0 : Repaired painted vertex colors 
[2015.04.16-14.01.20:579][  0]MapCheck: Info SM_Throne_Interior_Stairs_5 StaticMeshComponent0 : Repaired painted vertex colors 
[2015.04.16-14.01.20:583][  0]MapCheck: Info SM_Throne_Interior_Wall_BrokenPiece_01_31 StaticMeshComponent0 : Repaired painted vertex colors 
[2015.04.16-14.01.20:586][  0]MapCheck: Info SM_Throne_Interior_Wall_BrokenPiece_02_39 StaticMeshComponent0 : Repaired painted vertex colors 
[2015.04.16-14.01.20:589][  0]MapCheck: Info SM_Throne_Interior_Wall_BrokenPiece_03_21 StaticMeshComponent0 : Repaired painted vertex colors 
[2015.04.16-14.01.20:590][  0]MapCheck: Info SM_Throne_Interior_Wall_BrokenPiece_04_56 StaticMeshComponent0 : Repaired painted vertex colors 
[2015.04.16-14.01.20:592][  0]MapCheck: Info SM_Throne_Interior_Wall_BrokenPiece_10 StaticMeshComponent0 : Repaired painted vertex colors 
[2015.04.16-14.01.20:594][  0]MapCheck: Info SM_Throne_Interior_Wall_BrokenPiece_11 StaticMeshComponent0 : Repaired painted vertex colors 
[2015.04.16-14.01.20:596][  0]MapCheck: Info SM_Throne_Interior_Wall_BrokenPiece_123 StaticMeshComponent0 : Repaired painted vertex colors 
[2015.04.16-14.01.20:597][  0]MapCheck: Info SM_Throne_Interior_Wall_BrokenPiece_13 StaticMeshComponent0 : Repaired painted vertex colors 
[2015.04.16-14.01.20:601][  0]MapCheck: Info SM_Throne_Interior_Wall_BrokenPiece_15 StaticMeshComponent0 : Repaired painted vertex colors 
[2015.04.16-14.01.20:604][  0]MapCheck: Info SM_Throne_Interior_Wall_BrokenPiece_16 StaticMeshComponent0 : Repaired painted vertex colors 
[2015.04.16-14.01.20:607][  0]MapCheck: Info SM_Throne_Interior_Wall_BrokenPiece_19 StaticMeshComponent0 : Repaired painted vertex colors 
[2015.04.16-14.01.20:609][  0]MapCheck: Info SM_Throne_Interior_Wall_BrokenPiece_20 StaticMeshComponent0 : Repaired painted vertex colors 
[2015.04.16-14.01.20:613][  0]MapCheck: Info SM_Throne_Interior_Wall_BrokenPiece_208 StaticMeshComponent0 : Repaired painted vertex colors 
[2015.04.16-14.01.20:616][  0]MapCheck: Info SM_Throne_Interior_Wall_BrokenPiece_21 StaticMeshComponent0 : Repaired painted vertex colors 
[2015.04.16-14.01.20:617][  0]MapCheck: Info SM_Throne_Interior_Wall_BrokenPiece_22 StaticMeshComponent0 : Repaired painted vertex colors 
[2015.04.16-14.01.20:618][  0]MapCheck: Info SM_Throne_Interior_Wall_BrokenPiece_23 StaticMeshComponent0 : Repaired painted vertex colors 
[2015.04.16-14.01.20:620][  0]MapCheck: Info SM_Throne_Interior_Wall_BrokenPiece_24 StaticMeshComponent0 : Repaired painted vertex colors 
[2015.04.16-14.01.20:621][  0]MapCheck: Info SM_Throne_Interior_Wall_BrokenPiece_25 StaticMeshComponent0 : Repaired painted vertex colors 
[2015.04.16-14.01.20:623][  0]MapCheck: Info SM_Throne_Interior_Wall_BrokenPiece_26 StaticMeshComponent0 : Repaired painted vertex colors 
[2015.04.16-14.01.20:624][  0]MapCheck: Info SM_Throne_Interior_Wall_BrokenPiece_27 StaticMeshComponent0 : Repaired painted vertex colors 
[2015.04.16-14.01.20:625][  0]MapCheck: Info SM_Throne_Interior_Wall_BrokenPiece_28 StaticMeshComponent0 : Repaired painted vertex colors 
[2015.04.16-14.01.20:627][  0]MapCheck: Info SM_Throne_Interior_Wall_BrokenPiece_29 StaticMeshComponent0 : Repaired painted vertex colors 
[2015.04.16-14.01.20:632][  0]MapCheck: Info SM_Throne_Interior_Wall_BrokenPiece_30 StaticMeshComponent0 : Repaired painted vertex colors 
[2015.04.16-14.01.20:634][  0]MapCheck: Info SM_Throne_Interior_Wall_BrokenPiece_32 StaticMeshComponent0 : Repaired painted vertex colors 
[2015.04.16-14.01.20:636][  0]MapCheck: Info SM_Throne_Interior_Wall_BrokenPiece_34 StaticMeshComponent0 : Repaired painted vertex colors 
[2015.04.16-14.01.20:637][  0]MapCheck: Info SM_Throne_Interior_Wall_BrokenPiece_35 StaticMeshComponent0 : Repaired painted vertex colors 
[2015.04.16-14.01.20:642][  0]MapCheck: Info SM_Throne_Interior_Wall_BrokenPiece_36 StaticMeshComponent0 : Repaired painted vertex colors 
[2015.04.16-14.01.20:647][  0]MapCheck: Info SM_Throne_Interior_Wall_BrokenPiece_37 StaticMeshComponent0 : Repaired painted vertex colors 
[2015.04.16-14.01.20:649][  0]MapCheck: Info SM_Throne_Interior_Wall_BrokenPiece_38 StaticMeshComponent0 : Repaired painted vertex colors 
[2015.04.16-14.01.20:654][  0]MapCheck: Info SM_Throne_Interior_Wall_BrokenPiece_39 StaticMeshComponent0 : Repaired painted vertex colors 
[2015.04.16-14.01.20:658][  0]MapCheck: Info SM_Throne_Interior_Wall_BrokenPiece_40 StaticMeshComponent0 : Repaired painted vertex colors 
[2015.04.16-14.01.20:663][  0]MapCheck: Info SM_Throne_Interior_Wall_BrokenPiece_42 StaticMeshComponent0 : Repaired painted vertex colors 
[2015.04.16-14.01.20:669][  0]MapCheck: Info SM_Throne_Interior_Wall_BrokenPiece_43 StaticMeshComponent0 : Repaired painted vertex colors 
[2015.04.16-14.01.20:672][  0]MapCheck: Info SM_Throne_Interior_Wall_BrokenPiece_45 StaticMeshComponent0 : Repaired painted vertex colors 
[2015.04.16-14.01.20:678][  0]MapCheck: Info SM_Throne_Interior_Wall_BrokenPiece_48 StaticMeshComponent0 : Repaired painted vertex colors 
[2015.04.16-14.01.20:681][  0]MapCheck: Info SM_Throne_Interior_Wall_BrokenPiece_5 StaticMeshComponent0 : Repaired painted vertex colors 
[2015.04.16-14.01.20:683][  0]MapCheck: Info SM_Throne_Interior_Wall_BrokenPiece_50 StaticMeshComponent0 : Repaired painted vertex colors 
[2015.04.16-14.01.20:689][  0]MapCheck: Info SM_Throne_Interior_Wall_BrokenPiece_52 StaticMeshComponent0 : Repaired painted vertex colors 
[2015.04.16-14.01.20:692][  0]MapCheck: Info SM_Throne_Interior_Wall_BrokenPiece_53 StaticMeshComponent0 : Repaired painted vertex colors 
[2015.04.16-14.01.20:695][  0]MapCheck: Info SM_Throne_Interior_Wall_BrokenPiece_54 StaticMeshComponent0 : Repaired painted vertex colors 
[2015.04.16-14.01.20:699][  0]MapCheck: Info SM_Throne_Interior_Wall_BrokenPiece_62 StaticMeshComponent0 : Repaired painted vertex colors 
[2015.04.16-14.01.20:702][  0]MapCheck: Info SM_Throne_Interior_Wall_BrokenPiece_64 StaticMeshComponent0 : Repaired painted vertex colors 
[2015.04.16-14.01.20:704][  0]MapCheck: Info SM_Throne_Interior_Wall_BrokenPiece_7 StaticMeshComponent0 : Repaired painted vertex colors 
[2015.04.16-14.01.20:707][  0]MapCheck: Info SM_Throne_Interior_Wall_BrokenPiece_76 StaticMeshComponent0 : Repaired painted vertex colors 
[2015.04.16-14.01.20:709][  0]MapCheck: Info SM_Throne_Interior_Wall_BrokenPiece_78 StaticMeshComponent0 : Repaired painted vertex colors 
[2015.04.16-14.01.20:711][  0]MapCheck: Info SM_Throne_Interior_Wall_BrokenPiece_9 StaticMeshComponent0 : Repaired painted vertex colors 
[2015.04.16-14.01.20:737][  0]MapCheck: Info VG_Bridge_01B_3 StaticMeshComponent0 : Repaired painted vertex colors 
[2015.04.16-14.01.20:749][  0]MapCheck: Info VG_Bridge_01B_4 StaticMeshComponent0 : Repaired painted vertex colors 
[2015.04.16-14.01.25:237][  0]LogEditorServer: Finished looking for orphan Actors (0.000 secs)
[2015.04.16-14.01.32:105][  0]LogAIModule: Creating AISystem for world DesertRallyRace
[2015.04.16-14.01.32:111][  0]Cmd: MAP CHECKDEP
[2015.04.16-14.01.32:111][  0]MapCheck: New page: DesertRallyRace - Apr 16, 2015, 6:01:32 AM
[2015.04.16-14.01.32:920][  0]MapCheck: Info Map check complete: 0 Error(s), 0 Warning(s), took 808.241ms to complete.
[2015.04.16-14.01.32:920][  0]LogFileHelpers: Loading map 'DesertRallyRace' took 99.059
[2015.04.16-14.01.33:735][  0]LogCollectionManager: Loaded 0 collections in 0.004317 seconds
[2015.04.16-14.01.33:790][  0]LogContentBrowser: Native class hierarchy populated in 0.0548 seconds. Added 1716 classes and 274 folders.
[2015.04.16-14.01.33:821][  0]LogContentBrowser:Verbose: The content browser source was changed by the sources view to '/Classes_Game/VehicleGame/Classes'
[2015.04.16-14.01.33:968][  0]LogContentBrowser: Native class hierarchy updated for 'SceneOutliner' in 0.0467 seconds. Added 1 classes and 2 folders.
[2015.04.16-14.01.34:369][  0]LogCrashTracker: Crashtracker disabled due to settings.
[2015.04.16-14.01.34:373][  0]LogSlate:Warning: Failed to load font data from 'Veranda'
[2015.04.16-14.01.34:480][  0]LogUObjectGlobals:Warning: Failed to find object 'Class None.'
[2015.04.16-14.01.34:571][  0]LogLoad: Full Startup: 122.67 seconds (BP compile: 1.11 seconds)
[2015.04.16-14.01.36:069][  0]LogRenderer:Warning: Reallocating scene render targets to support 808x336 (Frame:2).
[2015.04.16-14.01.36:901][  1]Cmd: UpdateLandscapeEditorData -warnings
[2015.04.16-14.01.36:990][  1]Cmd: UpdateLandscapeEditorData
[2015.04.16-14.01.48:632][ 35]LogAssetRegistry: Asset discovery search completed in 121.8357 seconds
[2015.04.16-14.27.17:781][649]Cmd: QUIT_EDITOR
[2015.04.16-14.27.20:657][649]LogExit: Preparing to exit.
[2015.04.16-14.27.26:658][649]LogExit: Editor shut down
[2015.04.16-14.27.26:659][649]LogExit: Transaction tracking system shut down
[2015.04.16-14.27.26:746][649]LogParticles: Destroying 0 GPU particle simulations for FXSystem 0x000000001CCD7420
[2015.04.16-14.27.36:425][649]LogParticles: Destroying 0 GPU particle simulations for FXSystem 0x000000000E3220C0
[2015.04.16-14.27.36:425][649]LogExit: Object subsystem successfully closed.
[2015.04.16-14.27.40:312][649]LogModuleManager: Shutting down and abandoning module CrashTracker (179)
[2015.04.16-14.27.40:312][649]LogModuleManager: Shutting down and abandoning module SuperSearch (178)
[2015.04.16-14.27.40:312][649]LogModuleManager: Shutting down and abandoning module SceneOutliner (177)
[2015.04.16-14.27.40:355][649]LogModuleManager: Shutting down and abandoning module EditorWidgets (176)
[2015.04.16-14.27.40:356][649]LogModuleManager: Shutting down and abandoning module CollectionManager (175)
[2015.04.16-14.27.40:392][649]LogModuleManager: Shutting down and abandoning module StatsViewer (174)
[2015.04.16-14.27.40:516][649]LogModuleManager: Shutting down and abandoning module FoliageEdit (173)
[2015.04.16-14.27.40:516][649]LogModuleManager: Shutting down and abandoning module LandscapeEditor (172)
[2015.04.16-14.27.40:643][649]LogModuleManager: Shutting down and abandoning module MeshPaint (171)
[2015.04.16-14.27.40:750][649]LogModuleManager: Shutting down and abandoning module ActorPickerMode (170)
[2015.04.16-14.27.40:750][649]LogModuleManager: Shutting down and abandoning module GeometryMode (169)
[2015.04.16-14.27.40:750][649]LogModuleManager: Shutting down and abandoning module TextureAlignMode (168)
[2015.04.16-14.27.40:750][649]LogModuleManager: Shutting down and abandoning module BspMode (167)
[2015.04.16-14.27.40:750][649]LogModuleManager: Shutting down and abandoning module PlacementMode (166)
[2015.04.16-14.27.40:750][649]LogModuleManager: Shutting down and abandoning module AutomationWorker (165)
[2015.04.16-14.27.40:750][649]LogModuleManager: Shutting down and abandoning module CharacterAI (164)
[2015.04.16-14.27.40:751][649]LogModuleManager: Shutting down and abandoning module SmartSnapping (163)
[2015.04.16-14.27.40:751][649]LogModuleManager: Shutting down and abandoning module ViewportSnapping (162)
[2015.04.16-14.27.40:751][649]LogModuleManager: Shutting down and abandoning module LogVisualizer (161)
[2015.04.16-14.27.41:028][649]LogModuleManager: Shutting down and abandoning module GameProjectGeneration (160)
[2015.04.16-14.27.41:066][649]LogModuleManager: Shutting down and abandoning module IntroTutorials (159)
[2015.04.16-14.27.41:429][649]LogModuleManager: Shutting down and abandoning module EditorLiveStreaming (158)
[2015.04.16-14.27.41:466][649]LogModuleManager: Shutting down and abandoning module HardwareTargeting (157)
[2015.04.16-14.27.41:466][649]LogModuleManager: Shutting down and abandoning module DeviceProfileEditor (156)
[2015.04.16-14.27.41:504][649]LogModuleManager: Shutting down and abandoning module UndoHistory (155)
[2015.04.16-14.27.41:536][649]LogModuleManager: Shutting down and abandoning module GameplayTagsEditor (154)
[2015.04.16-14.27.41:537][649]LogModuleManager: Shutting down and abandoning module UserFeedback (153)
[2015.04.16-14.27.41:537][649]LogModuleManager: Shutting down and abandoning module XmlParser (152)
[2015.04.16-14.27.41:579][649]LogModuleManager: Shutting down and abandoning module Blutility (151)
[2015.04.16-14.27.41:579][649]LogModuleManager: Shutting down and abandoning module IOSPlatformEditor (150)
[2015.04.16-14.27.41:579][649]LogModuleManager: Shutting down and abandoning module IOSRuntimeSettings (149)
[2015.04.16-14.27.41:579][649]LogModuleManager: Shutting down and abandoning module AndroidDeviceDetection (148)
[2015.04.16-14.27.41:956][649]LogModuleManager: Shutting down and abandoning module AndroidPlatformEditor (147)
[2015.04.16-14.27.41:956][649]LogModuleManager: Shutting down and abandoning module AndroidRuntimeSettings (146)
[2015.04.16-14.27.41:956][649]LogModuleManager: Shutting down and abandoning module ProjectTargetPlatformEditor (145)
[2015.04.16-14.27.41:975][649]LogModuleManager: Shutting down and abandoning module ProjectSettingsViewer (144)
[2015.04.16-14.27.41:975][649]LogModuleManager: Shutting down and abandoning module InputBindingEditor (143)
[2015.04.16-14.27.42:086][649]LogModuleManager: Shutting down and abandoning module EditorSettingsViewer (142)
[2015.04.16-14.27.42:086][649]LogModuleManager: Shutting down and abandoning module SettingsEditor (141)
[2015.04.16-14.27.42:126][649]LogModuleManager: Shutting down and abandoning module ProjectLauncher (140)
[2015.04.16-14.27.42:251][649]LogModuleManager: Shutting down and abandoning module SessionFrontend (139)
[2015.04.16-14.27.42:293][649]LogModuleManager: Shutting down and abandoning module ProfilerClient (138)
[2015.04.16-14.27.42:331][649]LogModuleManager: Shutting down and abandoning module TargetDeviceServices (137)
[2015.04.16-14.27.42:331][649]LogModuleManager: Shutting down and abandoning module DeviceManager (136)
[2015.04.16-14.27.42:408][649]LogModuleManager: Shutting down and abandoning module AutomationController (135)
[2015.04.16-14.27.42:447][649]LogModuleManager: Shutting down and abandoning module AutomationWindow (134)
[2015.04.16-14.27.42:476][649]LogModuleManager: Shutting down and abandoning module Layers (133)
[2015.04.16-14.27.42:699][649]LogModuleManager: Shutting down and abandoning module ComponentVisualizers (132)
[2015.04.16-14.27.42:699][649]LogModuleManager: Shutting down and abandoning module DetailCustomizations (131)
[2015.04.16-14.27.42:872][649]LogModuleManager: Shutting down and abandoning module PackagesDialog (130)
[2015.04.16-14.27.43:078][649]LogModuleManager: Shutting down and abandoning module Persona (129)
[2015.04.16-14.27.43:408][649]LogModuleManager: Shutting down and abandoning module SlateReflector (128)
[2015.04.16-14.27.43:523][649]LogModuleManager: Shutting down and abandoning module LevelEditor (127)
[2015.04.16-14.27.43:559][649]LogModuleManager: Shutting down and abandoning module Kismet (126)
[2015.04.16-14.27.43:673][649]LogModuleManager: Shutting down and abandoning module GraphEditor (125)
[2015.04.16-14.27.43:897][649]LogModuleManager: Shutting down and abandoning module ClassViewer (124)
[2015.04.16-14.27.43:897][649]LogModuleManager: Shutting down and abandoning module Toolbox (123)
[2015.04.16-14.27.43:897][649]LogModuleManager: Shutting down and abandoning module ModuleUI (122)
[2015.04.16-14.27.43:936][649]LogModuleManager: Shutting down and abandoning module MovieSceneTools (121)
[2015.04.16-14.27.44:095][649]LogModuleManager: Shutting down and abandoning module OutputLog (120)
[2015.04.16-14.27.44:095][649]LogModuleManager: Shutting down and abandoning module GammaUI (119)
[2015.04.16-14.27.44:134][649]LogModuleManager: Shutting down and abandoning module Documentation (118)
[2015.04.16-14.27.44:162][649]LogModuleManager: Shutting down and abandoning module GameLiveStreaming (117)
[2015.04.16-14.27.44:186][649]LogModuleManager: Shutting down and abandoning module StreamingPauseRendering (116)
[2015.04.16-14.27.44:220][649]LogModuleManager: Shutting down and abandoning module HTTP (115)
[2015.04.16-14.27.44:220][649]LogModuleManager: Shutting down and abandoning module AnalyticsET (114)
[2015.04.16-14.27.44:220][649]LogModuleManager: Shutting down and abandoning module Analytics (113)
[2015.04.16-14.27.44:220][649]LogModuleManager: Shutting down and abandoning module AITestSuite (112)
[2015.04.16-14.27.44:253][649]LogModuleManager: Shutting down and abandoning module GameplayDebugger (111)
[2015.04.16-14.27.44:290][649]LogModuleManager: Shutting down and abandoning module AIModule (110)
[2015.04.16-14.27.44:305][649]LogModuleManager: Shutting down and abandoning module ProfilerService (109)
[2015.04.16-14.27.44:514][649]LogModuleManager: Shutting down and abandoning module TaskGraph (108)
[2015.04.16-14.27.44:624][649]LogModuleManager: Shutting down and abandoning module SlateRemote (107)
[2015.04.16-14.27.44:624][649]LogModuleManager: Shutting down and abandoning module ScriptEditorPlugin (106)
[2015.04.16-14.27.44:624][649]LogModuleManager: Shutting down and abandoning module CustomMeshComponent (105)
[2015.04.16-14.27.44:624][649]LogModuleManager: Shutting down and abandoning module CableComponent (104)
[2015.04.16-14.27.44:660][649]LogModuleManager: Shutting down and abandoning module MessagingDebugger (103)
[2015.04.16-14.27.44:860][649]LogModuleManager: Shutting down and abandoning module MediaPlayerEditor (102)
[2015.04.16-14.27.44:867][649]LogModuleManager: Shutting down and abandoning module SpeedTreeImporter (101)
[2015.04.16-14.27.44:867][649]LogModuleManager: Shutting down and abandoning module PluginsEditor (100)
[2015.04.16-14.27.44:907][649]LogModuleManager: Shutting down and abandoning module MainFrame (99)
[2015.04.16-14.27.44:907][649]LogModuleManager: Shutting down and abandoning module EpicSurvey (98)
[2015.04.16-14.27.44:994][649]LogModuleManager: Shutting down and abandoning module DesktopPlatform (97)
[2015.04.16-14.27.45:190][649]LogModuleManager: Shutting down and abandoning module HotReload (96)
[2015.04.16-14.27.45:232][649]LogModuleManager: Shutting down and abandoning module VisualStudioSourceCodeAccess (95)
[2015.04.16-14.27.45:232][649]LogModuleManager: Shutting down and abandoning module UObjectPlugin (94)
[2015.04.16-14.27.45:232][649]LogModuleManager: Shutting down and abandoning module SubversionSourceControl (93)
[2015.04.16-14.27.45:312][649]LogModuleManager: Shutting down and abandoning module PerforceSourceControl (92)
[2015.04.16-14.27.45:470][649]LogModuleManager: Shutting down and abandoning module SourceControl (91)
[2015.04.16-14.27.45:538][649]LogModuleManager: Shutting down and abandoning module GitSourceControl (90)
[2015.04.16-14.27.45:576][649]LogModuleManager: Shutting down and abandoning module BlankPlugin (89)
[2015.04.16-14.27.45:576][649]LogModuleManager: Shutting down and abandoning module PaperTiledImporter (88)
[2015.04.16-14.27.45:576][649]LogModuleManager: Shutting down and abandoning module PaperJsonImporter (87)
[2015.04.16-14.27.45:576][649]LogModuleManager: Shutting down and abandoning module ContentBrowser (86)
[2015.04.16-14.27.45:578][649]LogModuleManager: Shutting down and abandoning module Paper2DEditor (85)
[2015.04.16-14.27.45:714][649]LogModuleManager: Shutting down and abandoning module DirectoryWatcher (84)
[2015.04.16-14.27.45:716][649]LogModuleManager: Shutting down and abandoning module AssetRegistry (83)
[2015.04.16-14.27.45:876][649]LogModuleManager: Shutting down and abandoning module VehicleGame (82)
[2015.04.16-14.27.45:978][649]LogModuleManager: Shutting down and abandoning module ScriptPlugin (81)
[2015.04.16-14.27.46:010][649]LogModuleManager: Shutting down and abandoning module UdpMessaging (80)
[2015.04.16-14.27.46:111][649]LogModuleManager: Shutting down and abandoning module Paper2D (79)
[2015.04.16-14.27.46:204][649]LogModuleManager: Shutting down and abandoning module WindowsMoviePlayer (78)
[2015.04.16-14.27.46:253][649]LogModuleManager: Shutting down and abandoning module Media (77)
[2015.04.16-14.27.46:253][649]LogModuleManager: Shutting down and abandoning module WmfMedia (76)
[2015.04.16-14.27.46:342][649]LogModuleManager: Shutting down and abandoning module VehicleGameLoadingScreen (75)
[2015.04.16-14.27.46:386][649]LogModuleManager: Shutting down and abandoning module OnlineBlueprintSupport (74)
[2015.04.16-14.27.46:386][649]LogModuleManager: Shutting down and abandoning module PropertyEditor (73)
[2015.04.16-14.27.46:431][649]LogModuleManager: Shutting down and abandoning module BehaviorTreeEditor (72)
[2015.04.16-14.27.46:675][649]LogModuleManager: Shutting down and abandoning module FunctionalTesting (71)
[2015.04.16-14.27.46:872][649]LogModuleManager: Shutting down and abandoning module CollisionAnalyzer (70)
[2015.04.16-14.27.47:004][649]LogModuleManager: Shutting down and abandoning module WorkspaceMenuStructure (69)
[2015.04.16-14.27.47:004][649]LogModuleManager: Shutting down and abandoning module MessageLog (68)
[2015.04.16-14.27.47:036][649]LogModuleManager: Shutting down and abandoning module Sequencer (67)
[2015.04.16-14.27.47:796][649]LogModuleManager: Shutting down and abandoning module AssetTools (66)
[2015.04.16-14.27.48:939][649]LogModuleManager: Shutting down and abandoning module UMGEditor (65)
[2015.04.16-14.27.49:053][649]LogModuleManager: Shutting down and abandoning module UMG (64)
[2015.04.16-14.27.49:093][649]LogModuleManager: Shutting down and abandoning module Slate (63)
[2015.04.16-14.27.49:093][649]LogModuleManager: Shutting down and abandoning module EditorStyle (62)
[2015.04.16-14.27.49:297][649]LogModuleManager: Shutting down and abandoning module SessionServices (61)
[2015.04.16-14.27.49:297][649]LogModuleManager: Shutting down and abandoning module SourceCodeAccess (60)
[2015.04.16-14.27.49:297][649]LogModuleManager: Shutting down and abandoning module HeadMountedDisplay (59)
[2015.04.16-14.27.49:297][649]LogModuleManager: Shutting down and abandoning module XAudio2 (58)
[2015.04.16-14.27.49:297][649]LogModuleManager: Shutting down and abandoning module Networking (56)
[2015.04.16-14.27.49:297][649]LogModuleManager: Shutting down and abandoning module Core (55)
[2015.04.16-14.27.49:297][649]LogModuleManager: Shutting down and abandoning module KismetCompiler (54)
[2015.04.16-14.27.49:297][649]LogModuleManager: Shutting down and abandoning module PhysXFormats (53)
[2015.04.16-14.27.49:297][649]LogModuleManager: Shutting down and abandoning module MeshUtilities (52)
[2015.04.16-14.27.49:382][649]LogModuleManager: Shutting down and abandoning module DerivedDataCache (51)
[2015.04.16-14.27.49:409][649]LogDerivedDataCache: Shutdown
[2015.04.16-14.27.49:409][649]LogModuleManager: Shutting down and abandoning module ShaderFormatOpenGL (50)
[2015.04.16-14.27.49:442][649]LogModuleManager: Shutting down and abandoning module ShaderFormatD3D (49)
[2015.04.16-14.27.49:469][649]LogModuleManager: Shutting down and abandoning module MetalShaderFormat (48)
[2015.04.16-14.27.49:515][649]LogModuleManager: Shutting down and abandoning module TextureFormatUncompressed (47)
[2015.04.16-14.27.49:515][649]LogModuleManager: Shutting down and abandoning module TextureFormatPVR (46)
[2015.04.16-14.27.49:555][649]LogModuleManager: Shutting down and abandoning module TextureFormatIntelISPCTexComp (45)
[2015.04.16-14.27.49:590][649]LogModuleManager: Shutting down and abandoning module TextureFormatDXT (44)
[2015.04.16-14.27.49:627][649]LogModuleManager: Shutting down and abandoning module ImageWrapper (43)
[2015.04.16-14.27.49:627][649]LogModuleManager: Shutting down and abandoning module TextureFormatASTC (42)
[2015.04.16-14.27.49:665][649]LogModuleManager: Shutting down and abandoning module TextureFormatAndroid (41)
[2015.04.16-14.27.49:665][649]LogModuleManager: Shutting down and abandoning module AudioFormatOpus (40)
[2015.04.16-14.27.49:690][649]LogModuleManager: Shutting down and abandoning module AudioFormatOgg (39)
[2015.04.16-14.27.49:690][649]LogModuleManager: Shutting down and abandoning module AudioFormatADPCM (38)
[2015.04.16-14.27.49:690][649]LogModuleManager: Shutting down and abandoning module LinuxTargetPlatform (37)
[2015.04.16-14.27.49:690][649]LogModuleManager: Shutting down and abandoning module LinuxServerTargetPlatform (36)
[2015.04.16-14.27.49:726][649]LogModuleManager: Shutting down and abandoning module LinuxNoEditorTargetPlatform (35)
[2015.04.16-14.27.49:761][649]LogModuleManager: Shutting down and abandoning module Messaging (34)
[2015.04.16-14.27.49:761][649]LogModuleManager: Shutting down and abandoning module IOSTargetPlatform (33)
[2015.04.16-14.27.49:761][649]LogModuleManager: Shutting down and abandoning module HTML5TargetPlatform (32)
[2015.04.16-14.27.49:761][649]LogModuleManager: Shutting down and abandoning module Android_PVRTCTargetPlatform (31)
[2015.04.16-14.27.49:761][649]LogModuleManager: Shutting down and abandoning module Android_ETC2TargetPlatform (30)
[2015.04.16-14.27.49:761][649]LogModuleManager: Shutting down and abandoning module Android_ETC1TargetPlatform (29)
[2015.04.16-14.27.49:761][649]LogModuleManager: Shutting down and abandoning module Android_ES31TargetPlatform (28)
[2015.04.16-14.27.49:761][649]LogModuleManager: Shutting down and abandoning module Android_DXTTargetPlatform (27)
[2015.04.16-14.27.49:761][649]LogModuleManager: Shutting down and abandoning module Android_ATCTargetPlatform (26)
[2015.04.16-14.27.49:761][649]LogModuleManager: Shutting down and abandoning module AndroidTargetPlatform (25)
[2015.04.16-14.27.49:761][649]LogModuleManager: Shutting down and abandoning module WindowsTargetPlatform (24)
[2015.04.16-14.27.49:762][649]LogModuleManager: Shutting down and abandoning module WindowsServerTargetPlatform (23)
[2015.04.16-14.27.49:762][649]LogModuleManager: Shutting down and abandoning module WindowsNoEditorTargetPlatform (22)
[2015.04.16-14.27.49:762][649]LogModuleManager: Shutting down and abandoning module WindowsClientTargetPlatform (21)
[2015.04.16-14.27.49:762][649]LogModuleManager: Shutting down and abandoning module TargetPlatform (20)
[2015.04.16-14.27.49:762][649]LogModuleManager: Shutting down and abandoning module InputCore (19)
[2015.04.16-14.27.49:762][649]LogModuleManager: Shutting down and abandoning module Settings (18)
[2015.04.16-14.27.49:762][649]LogModuleManager: Shutting down and abandoning module OnlineSubsystem (16)
[2015.04.16-14.27.49:762][649]LogModuleManager: Shutting down and abandoning module OculusRift (15)
[2015.04.16-14.27.49:762][649]LogModuleManager: Shutting down and abandoning module ExampleDeviceProfileSelector (14)
[2015.04.16-14.27.49:762][649]LogModuleManager: Shutting down and abandoning module TextureCompressor (13)
[2015.04.16-14.27.49:808][649]LogModuleManager: Shutting down and abandoning module ShaderCore (12)
[2015.04.16-14.27.49:808][649]LogModuleManager: Shutting down and abandoning module Landscape (11)
[2015.04.16-14.27.49:808][649]LogModuleManager: Shutting down and abandoning module SlateRHIRenderer (10)
[2015.04.16-14.27.49:932][649]LogModuleManager: Shutting down and abandoning module OpenGLDrv (9)
[2015.04.16-14.27.49:932][649]LogModuleManager: Shutting down and abandoning module D3D11RHI (8)
[2015.04.16-14.27.49:932][649]LogModuleManager: Shutting down and abandoning module Renderer (7)
[2015.04.16-14.27.49:932][649]LogModuleManager: Shutting down and abandoning module Engine (6)
[2015.04.16-14.27.49:932][649]LogModuleManager: Shutting down and abandoning module CoreUObject (5)
[2015.04.16-14.27.49:932][649]LogModuleManager: Shutting down and abandoning module NetworkFile (4)
[2015.04.16-14.27.49:965][649]LogModuleManager: Shutting down and abandoning module StreamingFile (3)
[2015.04.16-14.27.50:003][649]LogModuleManager: Shutting down and abandoning module SandboxFile (2)
[2015.04.16-14.27.50:003][649]LogModuleManager: Shutting down and abandoning module PakFile (1)
[2015.04.16-14.27.50:102][649]LogExit: Exiting.
[2015.04.16-14.27.50:138][649]Log file closed, 04/16/15 10:27:50
