Log file open, 04/16/15 09:57:32
LogInit:Display: Running engine for game: VehicleGame
LogInit: Version: 4.7.5-2503383+++depot+UE4-Releases+4.7
LogInit: API Version: 2455222
LogInit: Compiled (64-bit): Apr  6 2015 23:21:51
LogInit: Compiled with Visual C++: 18.00.21005.01
LogInit: Build Configuration: Development
LogInit: Branch Name: ++depot+UE4-Releases+4.7
LogInit: Command line:  
LogInit: Base directory: D:/UE4/Unreal Engine/4.7/Engine/Binaries/Win64/
LogInit: Rocket: 1
[2015.04.16-13.57.32:834][  0]LogTaskGraph: Started task graph with 3 named threads and 6 total threads.
[2015.04.16-13.57.32:919][  0]LogOnline:Warning: No default platform service specified for OnlineSubsystem
[2015.04.16-13.57.33:082][  0]LogInit: Presizing for 0 objects not considered by GC, pre-allocating 0 bytes.
[2015.04.16-13.57.33:109][  0]LogInit: Object subsystem initialized
[2015.04.16-13.57.33:114][  0]LogInit: Selected Device Profile: [Windows]
[2015.04.16-13.57.33:114][  0]LogInit: Applying CVar settings loaded from the selected device profile: [Windows]
[2015.04.16-13.57.33:206][  0]LogInit: Computer: WES_PC
[2015.04.16-13.57.33:206][  0]LogInit: User: Grimluckyreaper
[2015.04.16-13.57.33:207][  0]LogInit: CPU Page size=4096, Cores=4
[2015.04.16-13.57.33:207][  0]LogInit: High frequency timer resolution =2.143603 MHz
[2015.04.16-13.57.33:207][  0]LogMemory: Memory total: Physical=7.8GB (8GB approx) Virtual=8192.0GB
[2015.04.16-13.57.33:207][  0]LogMemory: Platform Memory Stats for Windows
[2015.04.16-13.57.33:207][  0]LogMemory: Process Physical Memory: 48.98 MB used, 48.98 MB peak
[2015.04.16-13.57.33:207][  0]LogMemory: Process Virtual Memory: 25.07 MB used, 25.07 MB peak
[2015.04.16-13.57.33:207][  0]LogMemory: Physical Memory: 5495.41 MB used, 7968.06 MB total
[2015.04.16-13.57.33:207][  0]LogMemory: Virtual Memory: 275.26 MB used, 8388608.00 MB total
[2015.04.16-13.57.33:949][  0]LogD3D11RHI: Found D3D11 adapter 0: Intel(R) HD Graphics 3000 (Feature Level 11_0)
[2015.04.16-13.57.33:949][  0]LogD3D11RHI: Adapter has 1998MB of dedicated video memory, 0MB of dedicated system memory, and 2047MB of shared system memory, 1 output[s]
[2015.04.16-13.57.33:949][  0]LogD3D11RHI: Chosen D3D11 Adapter Id = 0
[2015.04.16-13.57.34:011][  0]LogRHI: Texture pool is 1361 MB (70% of 1945 MB)
[2015.04.16-13.57.34:050][  0]LogD3D11RHI: Async texture creation enabled
[2015.04.16-13.57.34:828][  0]LogTextLocalizationManager: The requested culture ('en_US') has no localization data; parent culture's ('en') localization data will be used.
[2015.04.16-13.57.35:093][  0]LogTextLocalizationManager:Warning: Loading localization resources contain conflicting entries for (Namespace:UICommands, Key:Save_ToolTip):
Resource: (D:/UE4/Unreal Engine/4.7/Engine/Content/Localization/Editor/en/Editor.locres) Hash: (-29098895) String: (Saves the current level to disk)
Resource: (D:/UE4/Unreal Engine/4.7/Engine/Content/Localization/Engine/en/Engine.locres) Hash: (-1280300587) String: (Save selected data to vlog file)
[2015.04.16-13.57.35:094][  0]LogTextLocalizationManager:Warning: Loading localization resources contain conflicting entries for (Namespace:ContentBrowser, Key:ImportAssetToolTip):
Resource: (D:/UE4/Unreal Engine/4.7/Engine/Content/Localization/Editor/en/Editor.locres) Hash: (-630476809) String: (Import to {0}...)
Resource: (D:/UE4/Unreal Engine/4.7/Engine/Content/Localization/Editor/en/Editor.locres) Hash: (1271782899) String: (Imports an asset from file to this folder.)
[2015.04.16-13.57.35:196][  0]LogContentStreaming: Texture pool size is 0.000000MB
[2015.04.16-13.57.48:355][  0]LogTargetPlatformManager:Display: Building Assets For Windows
[2015.04.16-13.57.50:056][  0]LogTargetPlatformManager:Display: Building Assets For Windows
[2015.04.16-13.57.50:177][  0]LogDerivedDataCache:Display: Max Cache Size: 512 MB
[2015.04.16-13.57.50:933][  0]LogDerivedDataCache: Loaded boot cache 0.76s 45MB C:/Users/Grimluckyreaper/AppData/Local/UnrealEngine/4.7/DerivedDataCache/Boot.ddc.
[2015.04.16-13.57.50:933][  0]LogDerivedDataCache:Display: Loaded Boot cache: C:/Users/Grimluckyreaper/AppData/Local/UnrealEngine/4.7/DerivedDataCache/Boot.ddc
[2015.04.16-13.57.51:166][  0]LogDerivedDataCache:Display: Pak cache opened for reading ../../../../../Unreal Projects/VehicleGame/DerivedDataCache/DDC.ddp.
[2015.04.16-13.57.51:371][  0]LogDerivedDataCache:Display: Pak cache opened for reading ../../../Engine/DerivedDataCache/Compressed.ddp.
[2015.04.16-13.57.51:383][  0]LogDerivedDataCache: Using Local data cache path C:/Users/Grimluckyreaper/AppData/Local/UnrealEngine/Common/DerivedDataCache: Writable
[2015.04.16-13.57.56:197][  0]LogMeshUtilities: No automatic mesh reduction module available
[2015.04.16-13.57.56:197][  0]LogMeshUtilities: No automatic mesh merging module available
[2015.04.16-13.57.56:690][  0]LogInit: WinSock: version 1.1 (2.2), MaxSocks=32767, MaxUdp=65467
[2015.04.16-13.57.57:279][  0]LogSlate:Warning: Failed to load font data from '../../../Engine/Content/Slate/Fonts/Roboto-Italic.ttf'
[2015.04.16-13.58.13:439][  0]LogLinker:Warning: Can't find file '/Game/UI/Menu/LoadingScreen'
[2015.04.16-13.58.13:439][  0]LogLinker:Warning: Can't find file '/Game/UI/Menu/LoadingScreen'
[2015.04.16-13.58.13:447][  0]LogUObjectGlobals:Warning: Failed to find object 'Object /Game/UI/Menu/LoadingScreen.LoadingScreen'
[2015.04.16-13.58.13:945][  0]UdpMessaging: Initializing bridge on interface 0.0.0.0:0 to multicast group 230.0.0.1:6666.
[2015.04.16-13.58.14:190][  0]LogLinker:Warning: Asset '../../../../../Unreal Projects/VehicleGame/Content/UI/Styles/DefaultVehicleMenuItemStyle.uasset' has been saved with empty engine version. The asset will be loaded but may be incompatible.
[2015.04.16-13.58.14:195][  0]LogLinker:Warning: Asset '../../../../../Unreal Projects/VehicleGame/Content/UI/Styles/DefaultVehicleMenuSoundsStyle.uasset' has been saved with empty engine version. The asset will be loaded but may be incompatible.
[2015.04.16-13.58.14:249][  0]LogLinker:Warning: Asset '../../../../../Unreal Projects/VehicleGame/Content/UI/Styles/DefaultVehicleMenuStyle.uasset' has been saved with empty engine version. The asset will be loaded but may be incompatible.
[2015.04.16-13.58.14:317][  0]LogAssetRegistry: FAssetRegistry took 0.0097 seconds to start up
[2015.04.16-13.58.14:423][  0]LogDirectoryWatcher:Warning: Failed to begin reading directory changes for ../../../Engine/Plugins/Experimental/CharacterAI/Content/. Error: 0
[2015.04.16-13.58.15:270][  0]SourceControl: Info Source control is disabled
[2015.04.16-13.58.15:270][  0]SourceControl: Info Source control is disabled
[2015.04.16-13.58.15:270][  0]SourceControl: Info Source control is disabled
[2015.04.16-13.58.15:270][  0]LogSourceControl: RunCommandInternalRaw: 'git version'
[2015.04.16-13.58.15:271][  0]LogSourceControl: RunCommandInternalRaw: ExecProcess ReturnCode=2 OutResults=''
[2015.04.16-13.58.15:293][  0]SourceControl: Info Source control is disabled
[2015.04.16-13.58.15:962][  0]LogObj: 24707 objects as part of root set at end of initial load.
[2015.04.16-13.58.15:962][  0]LogUObjectAllocator: 5345808 out of 0 bytes used by permanent object pool.
[2015.04.16-13.58.16:216][  0]LogEngine: Initializing Engine...
[2015.04.16-13.58.19:481][  0]LogInit: XAudio2 using 'Speakers (Realtek High Definition Audio)' : 2 channels at 48 kHz using 32 bits per sample (channel mask 0x3)
[2015.04.16-13.58.19:518][  0]LogInit: FAudioDevice initialized.
[2015.04.16-13.58.19:755][  0]LogAIModule: Creating AISystem for world NewWorld
[2015.04.16-13.58.19:813][  0]LogDerivedDataCache: Saved boot cache 0.06s 44MB C:/Users/Grimluckyreaper/AppData/Local/UnrealEngine/4.7/DerivedDataCache/Boot.ddc.
[2015.04.16-13.58.19:821][  0]LogInit: Texture streaming: Enabled
[2015.04.16-13.58.20:607][  0]LogAnalytics: Creating configured Analytics provider AnalyticsET
[2015.04.16-13.58.20:607][  0]LogAnalytics: ET APIKey = Rocket.Release. APIServer = http://et2.epicgames.com/ET2/. AppVersion = 4.7.5-2503383+++depot+UE4-Releases+4.7
[2015.04.16-13.58.20:607][  0]LogAnalytics: ET APIKey = Rocket.Release. DataRouterUploadURL = https://datarouter-public-service-gamedev.ol.epicgames.net/datarouter/api/v1/public/data. AppVersion = 4.7.5-2503383+++depot+UE4-Releases+4.7
[2015.04.16-13.58.20:608][  0]LogAnalytics: SetUserId 216ad70a4b3a102f49266e98852b3e1b|94eeed8cff384e178a9fc49eec0aee6f|5c619ee7-1b92-4f7d-a5a5-92e71355bcdd
[2015.04.16-13.58.20:608][  0]LogAnalytics: AnalyticsET::StartSession [Rocket.Release]
[2015.04.16-13.58.20:783][  0]LogInit: Transaction tracking system initialized
[2015.04.16-13.58.21:519][  0]BlueprintLog: New page: Editor Load
[2015.04.16-13.58.23:495][  0]LogTargetPlatformManager:Display: Building Assets For Windows
[2015.04.16-13.58.24:235][  0]LogTargetPlatformManager:Display: Building Assets For Windows
[2015.04.16-13.58.25:222][  0]LogSlate:Warning: Failed to load font data from '../../../Engine/Content/Editor/Slate/Fonts/Roboto-Regular.ttf'
[2015.04.16-13.58.25:223][  0]LogSlate:Warning: Failed to load font data from '../../../Engine/Content/Editor/Slate/Fonts/Roboto-Bold.ttf'
[2015.04.16-13.58.25:269][  0]LogConsoleResponse:Display: 
[2015.04.16-13.58.25:269][  0]LogConsoleResponse:Display:   GraphicsQuality 1
[2015.04.16-13.58.26:682][  0]LogCook:Display: Done creating registry. It took  0.00s.
[2015.04.16-13.58.27:558][  0]SourceControl: Info Source control is disabled
[2015.04.16-13.59.25:432][  0]Cmd: MAP LOAD FILE="../../../../../Unreal Projects/VehicleGame/Content/Maps/DesertRallyRace.umap" TEMPLATE=0 SHOWPROGRESS=1 FEATURELEVEL=3
[2015.04.16-13.59.25:433][  0]LightingResults: New page: Lighting Build
[2015.04.16-13.59.25:459][  0]MapCheck: New page: Map Check
[2015.04.16-13.59.25:459][  0]LightingResults: New page: Lighting Build
[2015.04.16-13.59.25:484][  0]LogParticles: Destroying 0 GPU particle simulations for FXSystem 0x0000000018D1A520
[2015.04.16-13.59.26:471][  0]LogLinker:Warning: Asset '../../../../../Unreal Projects/VehicleGame/Content/Vehicles/VH_Buggy/Blueprint/VH_PlayerController.uasset' has been saved with empty engine version. The asset will be loaded but may be incompatible.
[2015.04.16-13.59.37:569][  0]BlueprintLog:Warning: Warning Blueprint Impact_default has been migrated and requires re-saving to avoid import errors
[2015.04.16-14.01.19:696][  0]MapCheck: Info Lake StaticMeshComponent0 : Repaired painted vertex colors 
[2015.04.16-14.01.19:700][  0]MapCheck: Info SM_AncientHouse_Window_2 StaticMeshComponent0 : Repaired painted vertex colors 
[2015.04.16-14.01.19:702][  0]MapCheck: Info SM_AncientHouse_Window_71 StaticMeshComponent0 : Repaired painted vertex colors 
[2015.04.16-14.01.19:725][  0]MapCheck: Info SM_House1_Walls_23 StaticMeshComponent0 : Repaired painted vertex colors 
[2015.04.16-14.01.19:738][  0]MapCheck: Info SM_House1_Walls_58 StaticMeshComponent0 : Repaired painted vertex colors 
[2015.04.16-14.01.19:838][  0]MapCheck: Info SM_House1_Wood_59 StaticMeshComponent0 : Repaired painted vertex colors 
[2015.04.16-14.01.19:978][  0]MapCheck: Info SM_House1_Wood_61 StaticMeshComponent0 : Repaired painted vertex colors 
[2015.04.16-14.01.20:121][  0]MapCheck: Info SM_House1_Wood_64 StaticMeshComponent0 : Repaired painted vertex colors 
[2015.04.16-14.01.20:247][  0]MapCheck: Info SM_House1_Wood_65 StaticMeshComponent0 : Repaired painted vertex colors 
[2015.04.16-14.01.20:381][  0]MapCheck: Info SM_House1_Wood_66 StaticMeshComponent0 : Repaired painted vertex colors 
[2015.04.16-14.01.20:403][  0]MapCheck: Info SM_Throne_Exterior_CoverB_11 StaticMeshComponent0 : Repaired painted vertex colors 
[2015.04.16-14.01.20:404][  0]MapCheck: Info SM_Throne_Exterior_CoverB_12 StaticMeshComponent0 : Repaired painted vertex colors 
[2015.04.16-14.01.20:410][  0]MapCheck: Info SM_Throne_Exterior_CoverB_14 StaticMeshComponent0 : Repaired painted vertex colors 
[2015.04.16-14.01.20:416][  0]MapCheck: Info SM_Throne_Exterior_CoverB_15 StaticMeshComponent0 : Repaired painted vertex colors 
[2015.04.16-14.01.20:421][  0]MapCheck: Info SM_Throne_Exterior_CoverB_16 StaticMeshComponent0 : Repaired painted vertex colors 
[2015.04.16-14.01.20:423][  0]MapCheck: Info SM_Throne_Exterior_CoverB_18 StaticMeshComponent0 : Repaired painted vertex colors 
[2015.04.16-14.01.20:425][  0]MapCheck: Info SM_Throne_Exterior_CoverB_186 StaticMeshComponent0 : Repaired painted vertex colors 
[2015.04.16-14.01.20:431][  0]MapCheck: Info SM_Throne_Exterior_CoverB_19 StaticMeshComponent0 : Repaired painted vertex colors 
[2015.04.16-14.01.20:432][  0]MapCheck: Info SM_Throne_Exterior_CoverB_20 StaticMeshComponent0 : Repaired painted vertex colors 
[2015.04.16-14.01.20:438][  0]MapCheck: Info SM_Throne_Exterior_CoverB_21 StaticMeshComponent0 : Repaired painted vertex colors 
[2015.04.16-14.01.20:440][  0]MapCheck: Info SM_Throne_Exterior_CoverB_4 StaticMeshComponent0 : Repaired painted vertex colors 
[2015.04.16-14.01.20:445][  0]MapCheck: Info SM_Throne_Exterior_CoverB_45 StaticMeshComponent0 : Repaired painted vertex colors 
[2015.04.16-14.01.20:451][  0]MapCheck: Info SM_Throne_Exterior_CoverB_5 StaticMeshComponent0 : Repaired painted vertex colors 
[2015.04.16-14.01.20:458][  0]MapCheck: Info SM_Throne_Exterior_CoverB_50 StaticMeshComponent0 : Repaired painted vertex colors 
[2015.04.16-14.01.20:465][  0]MapCheck: Info SM_Throne_Exterior_CoverB_6 StaticMeshComponent0 : Repaired painted vertex colors 
[2015.04.16-14.01.20:472][  0]MapCheck: Info SM_Throne_Exterior_CoverB_64 StaticMeshComponent0 : Repaired painted vertex colors 
[2015.04.16-14.01.20:473][  0]MapCheck: Info SM_Throne_Exterior_CoverB_7 StaticMeshComponent0 : Repaired painted vertex colors 
[2015.04.16-14.01.20:479][  0]MapCheck: Info SM_Throne_Exterior_CoverB_73 StaticMeshComponent0 : Repaired painted vertex colors 
[2015.04.16-14.01.20:485][  0]MapCheck: Info SM_Throne_Exterior_CoverB_8 StaticMeshComponent0 : Repaired painted vertex colors 
[2015.04.16-14.01.20:487][  0]MapCheck: Info SM_Throne_Exterior_CoverBlo_10 StaticMeshComponent0 : Repaired painted vertex colors 
[2015.04.16-14.01.20:489][  0]MapCheck: Info SM_Throne_Exterior_CoverBlo_122 StaticMeshComponent0 : Repaired painted vertex colors 
[2015.04.16-14.01.20:491][  0]MapCheck: Info SM_Throne_Exterior_CoverBlo_13 StaticMeshComponent0 : Repaired painted vertex colors 
[2015.04.16-14.01.20:494][  0]MapCheck: Info SM_Throne_Exterior_CoverBlo_14 StaticMeshComponent0 : Repaired painted vertex colors 
[2015.04.16-14.01.20:499][  0]MapCheck: Info SM_Throne_Exterior_CoverBlo_16 StaticMeshComponent0 : Repaired painted vertex colors 
[2015.04.16-14.01.20:506][  0]MapCheck: Info SM_Throne_Exterior_CoverBlo_17 StaticMeshComponent0 : Repaired painted vertex colors 
[2015.04.16-14.01.20:508][  0]MapCheck: Info SM_Throne_Exterior_CoverBlo_3 StaticMeshComponent0 : Repaired painted vertex colors 
[2015.04.16-14.01.20:511][  0]MapCheck: Info SM_Throne_Exterior_CoverBlo_4 StaticMeshComponent0 : Repaired painted vertex colors 
[2015.04.16-14.01.20:514][  0]MapCheck: Info SM_Throne_Exterior_CoverBlo_65 StaticMeshComponent0 : Repaired painted vertex colors 
[2015.04.16-14.01.20:516][  0]MapCheck: Info SM_Throne_Exterior_CoverBlo_68 StaticMeshComponent0 : Repaired painted vertex colors 
[2015.04.16-14.01.20:518][  0]MapCheck: Info SM_Throne_Exterior_CoverBlo_7 StaticMeshComponent0 : Repaired painted vertex colors 
[2015.04.16-14.01.20:520][  0]MapCheck: Info SM_Throne_Exterior_CoverBlo_8 StaticMeshComponent0 : Repaired painted vertex colors 
[2015.04.16-14.01.20:522][  0]MapCheck: Info SM_Throne_Exterior_CoverBlo_81 StaticMeshComponent0 : Repaired painted vertex colors 
[2015.04.16-14.01.20:524][  0]MapCheck: Info SM_Throne_Exterior_CoverBlo_82 StaticMeshComponent0 : Repaired painted vertex colors 
[2015.04.16-14.01.20:526][  0]MapCheck: Info SM_Throne_Exterior_CoverBlo_85 StaticMeshComponent0 : Repaired painted vertex colors 
[2015.04.16-14.01.20:528][  0]MapCheck: Info SM_Throne_Exterior_CoverBlo_9 StaticMeshComponent0 : Repaired painted vertex colors 
[2015.04.16-14.01.20:529][  0]MapCheck: Info SM_Throne_Exterior_Wall_01_9 StaticMeshComponent0 : Repaired painted vertex colors 
[2015.04.16-14.01.20:531][  0]MapCheck: Info SM_Throne_Exterior_Wall_11 StaticMeshComponent0 : Repaired painted vertex colors 
[2015.04.16-14.01.20:532][  0]MapCheck: Info SM_Throne_Exterior_Wall_2 StaticMeshComponent0 : Repaired painted vertex colors 
[2015.04.16-14.01.20:534][  0]MapCheck: Info SM_Throne_Exterior_Wall_3 StaticMeshComponent0 : Repaired painted vertex colors 
[2015.04.16-14.01.20:536][  0]MapCheck: Info SM_Throne_Exterior_Wall_4 StaticMeshComponent0 : Repaired painted vertex colors 
[2015.04.16-14.01.20:537][  0]MapCheck: Info SM_Throne_Exterior_Wall_5 StaticMeshComponent0 : Repaired painted vertex colors 
[2015.04.16-14.01.20:538][  0]MapCheck: Info SM_Throne_Exterior_Wall_6 StaticMeshComponent0 : Repaired painted vertex colors 
[2015.04.16-14.01.20:540][  0]MapCheck: Info SM_Throne_Exterior_Wall_60 StaticMeshComponent0 : Repaired painted vertex colors 
[2015.04.16-14.01.20:541][  0]MapCheck: Info SM_Throne_Exterior_Wall_7 StaticMeshComponent0 : Repaired painted vertex colors 
[2015.04.16-14.01.20:543][  0]MapCheck: Info SM_Throne_Exterior_Wall_8 StaticMeshComponent0 : Repaired painted vertex colors 
[2015.04.16-14.01.20:547][  0]MapCheck: Info SM_Throne_Exterior_Wall_9 StaticMeshComponent0 : Repaired painted vertex colors 
[2015.04.16-14.01.20:550][  0]MapCheck: Info SM_Throne_Exterior_Wall_Broken_01_24 StaticMeshComponent0 : Repaired painted vertex colors 
[2015.04.16-14.01.20:552][  0]MapCheck: Info SM_Throne_Exterior_Wall_Broken_10 StaticMeshComponent0 : Repaired painted vertex colors 
[2015.04.16-14.01.20:554][  0]MapCheck: Info SM_Throne_Exterior_Wall_Broken_11 StaticMeshComponent0 : Repaired painted vertex colors 
[2015.04.16-14.01.20:556][  0]MapCheck: Info SM_Throne_Exterior_Wall_Broken_12 StaticMeshComponent0 : Repaired painted vertex colors 
[2015.04.16-14.01.20:558][  0]MapCheck: Info SM_Throne_Exterior_Wall_Broken_13 StaticMeshComponent0 : Repaired painted vertex colors 
[2015.04.16-14.01.20:560][  0]MapCheck: Info SM_Throne_Exterior_Wall_Broken_15 StaticMeshComponent0 : Repaired painted vertex colors 
[2015.04.16-14.01.20:564][  0]MapCheck: Info SM_Throne_Exterior_Wall_Broken_2 StaticMeshComponent0 : Repaired painted vertex colors 
[2015.04.16-14.01.20:567][  0]MapCheck: Info SM_Throne_Exterior_Wall_Broken_20 StaticMeshComponent0 : Repaired painted vertex colors 
[2015.04.16-14.01.20:570][  0]MapCheck: Info SM_Throne_Exterior_Wall_Broken_21 StaticMeshComponent0 : Repaired painted vertex colors 
[2015.04.16-14.01.20:571][  0]MapCheck: Info SM_Throne_Exterior_Wall_Broken_22 StaticMeshComponent0 : Repaired painted vertex colors 
[2015.04.16-14.01.20:573][  0]MapCheck: Info SM_Throne_Exterior_Wall_Broken_4 StaticMeshComponent0 : Repaired painted vertex colors 
[2015.04.16-14.01.20:577][  0]MapCheck: Info SM_Throne_Exterior_Wall_Broken_5 StaticMeshComponent0 : Repaired painted vertex colors 
[2015.04.16-14.01.20:579][  0]MapCheck: Info SM_Throne_Exterior_Wall_Broken_6 StaticMeshComponent0 : Repaired painted vertex colors 
[2015.04.16-14.01.20:582][  0]MapCheck: Info SM_Throne_Exterior_Wall_Broken_7 StaticMeshComponent0 : Repaired painted vertex colors 
[2015.04.16-14.01.20:585][  0]MapCheck: Info SM_Throne_Exterior_Wall_Broken_8 StaticMeshComponent0 : Repaired painted vertex colors 
[2015.04.16-14.01.20:586][  0]MapCheck: Info SM_Throne_Exterior_Wall_Broken_9 StaticMeshComponent0 : Repaired painted vertex colors 
[2015.04.16-14.01.20:587][  0]MapCheck: Info SM_Throne_Interior_Stairs_1 StaticMeshComponent0 : Repaired painted vertex colors 
[2015.04.16-14.01.20:589][  0]MapCheck: Info SM_Throne_Interior_Stairs_2 StaticMeshComponent0 : Repaired painted vertex colors 
[2015.04.16-14.01.20:590][  0]MapCheck: Info SM_Throne_Interior_Stairs_3 StaticMeshComponent0 : Repaired painted vertex colors 
[2015.04.16-14.01.20:591][  0]MapCheck: Info SM_Throne_Interior_Stairs_4 StaticMeshComponent0 : Repaired painted vertex colors 
[2015.04.16-14.01.20:592][  0]MapCheck: Info SM_Throne_Interior_Stairs_5 StaticMeshComponent0 : Repaired painted vertex colors 
[2015.04.16-14.01.20:597][  0]MapCheck: Info SM_Throne_Interior_Wall_BrokenPiece_01_31 StaticMeshComponent0 : Repaired painted vertex colors 
[2015.04.16-14.01.20:599][  0]MapCheck: Info SM_Throne_Interior_Wall_BrokenPiece_02_39 StaticMeshComponent0 : Repaired painted vertex colors 
[2015.04.16-14.01.20:603][  0]MapCheck: Info SM_Throne_Interior_Wall_BrokenPiece_03_21 StaticMeshComponent0 : Repaired painted vertex colors 
[2015.04.16-14.01.20:604][  0]MapCheck: Info SM_Throne_Interior_Wall_BrokenPiece_04_56 StaticMeshComponent0 : Repaired painted vertex colors 
[2015.04.16-14.01.20:606][  0]MapCheck: Info SM_Throne_Interior_Wall_BrokenPiece_10 StaticMeshComponent0 : Repaired painted vertex colors 
[2015.04.16-14.01.20:609][  0]MapCheck: Info SM_Throne_Interior_Wall_BrokenPiece_11 StaticMeshComponent0 : Repaired painted vertex colors 
[2015.04.16-14.01.20:611][  0]MapCheck: Info SM_Throne_Interior_Wall_BrokenPiece_123 StaticMeshComponent0 : Repaired painted vertex colors 
[2015.04.16-14.01.20:612][  0]MapCheck: Info SM_Throne_Interior_Wall_BrokenPiece_13 StaticMeshComponent0 : Repaired painted vertex colors 
[2015.04.16-14.01.20:616][  0]MapCheck: Info SM_Throne_Interior_Wall_BrokenPiece_15 StaticMeshComponent0 : Repaired painted vertex colors 
[2015.04.16-14.01.20:620][  0]MapCheck: Info SM_Throne_Interior_Wall_BrokenPiece_16 StaticMeshComponent0 : Repaired painted vertex colors 
[2015.04.16-14.01.20:623][  0]MapCheck: Info SM_Throne_Interior_Wall_BrokenPiece_19 StaticMeshComponent0 : Repaired painted vertex colors 
[2015.04.16-14.01.20:625][  0]MapCheck: Info SM_Throne_Interior_Wall_BrokenPiece_20 StaticMeshComponent0 : Repaired painted vertex colors 
[2015.04.16-14.01.20:630][  0]MapCheck: Info SM_Throne_Interior_Wall_BrokenPiece_208 StaticMeshComponent0 : Repaired painted vertex colors 
[2015.04.16-14.01.20:633][  0]MapCheck: Info SM_Throne_Interior_Wall_BrokenPiece_21 StaticMeshComponent0 : Repaired painted vertex colors 
[2015.04.16-14.01.20:634][  0]MapCheck: Info SM_Throne_Interior_Wall_BrokenPiece_22 StaticMeshComponent0 : Repaired painted vertex colors 
[2015.04.16-14.01.20:636][  0]MapCheck: Info SM_Throne_Interior_Wall_BrokenPiece_23 StaticMeshComponent0 : Repaired painted vertex colors 
[2015.04.16-14.01.20:638][  0]MapCheck: Info SM_Throne_Interior_Wall_BrokenPiece_24 StaticMeshComponent0 : Repaired painted vertex colors 
[2015.04.16-14.01.20:640][  0]MapCheck: Info SM_Throne_Interior_Wall_BrokenPiece_25 StaticMeshComponent0 : Repaired painted vertex colors 
[2015.04.16-14.01.20:641][  0]MapCheck: Info SM_Throne_Interior_Wall_BrokenPiece_26 StaticMeshComponent0 : Repaired painted vertex colors 
[2015.04.16-14.01.20:643][  0]MapCheck: Info SM_Throne_Interior_Wall_BrokenPiece_27 StaticMeshComponent0 : Repaired painted vertex colors 
[2015.04.16-14.01.20:645][  0]MapCheck: Info SM_Throne_Interior_Wall_BrokenPiece_28 StaticMeshComponent0 : Repaired painted vertex colors 
[2015.04.16-14.01.20:646][  0]MapCheck: Info SM_Throne_Interior_Wall_BrokenPiece_29 StaticMeshComponent0 : Repaired painted vertex colors 
[2015.04.16-14.01.20:652][  0]MapCheck: Info SM_Throne_Interior_Wall_BrokenPiece_30 StaticMeshComponent0 : Repaired painted vertex colors 
[2015.04.16-14.01.20:656][  0]MapCheck: Info SM_Throne_Interior_Wall_BrokenPiece_32 StaticMeshComponent0 : Repaired painted vertex colors 
[2015.04.16-14.01.20:658][  0]MapCheck: Info SM_Throne_Interior_Wall_BrokenPiece_34 StaticMeshComponent0 : Repaired painted vertex colors 
[2015.04.16-14.01.20:661][  0]MapCheck: Info SM_Throne_Interior_Wall_BrokenPiece_35 StaticMeshComponent0 : Repaired painted vertex colors 
[2015.04.16-14.01.20:667][  0]MapCheck: Info SM_Throne_Interior_Wall_BrokenPiece_36 StaticMeshComponent0 : Repaired painted vertex colors 
[2015.04.16-14.01.20:673][  0]MapCheck: Info SM_Throne_Interior_Wall_BrokenPiece_37 StaticMeshComponent0 : Repaired painted vertex colors 
[2015.04.16-14.01.20:675][  0]MapCheck: Info SM_Throne_Interior_Wall_BrokenPiece_38 StaticMeshComponent0 : Repaired painted vertex colors 
[2015.04.16-14.01.20:681][  0]MapCheck: Info SM_Throne_Interior_Wall_BrokenPiece_39 StaticMeshComponent0 : Repaired painted vertex colors 
[2015.04.16-14.01.20:686][  0]MapCheck: Info SM_Throne_Interior_Wall_BrokenPiece_40 StaticMeshComponent0 : Repaired painted vertex colors 
[2015.04.16-14.01.20:690][  0]MapCheck: Info SM_Throne_Interior_Wall_BrokenPiece_42 StaticMeshComponent0 : Repaired painted vertex colors 
[2015.04.16-14.01.20:693][  0]MapCheck: Info SM_Throne_Interior_Wall_BrokenPiece_43 StaticMeshComponent0 : Repaired painted vertex colors 
[2015.04.16-14.01.20:695][  0]MapCheck: Info SM_Throne_Interior_Wall_BrokenPiece_45 StaticMeshComponent0 : Repaired painted vertex colors 
[2015.04.16-14.01.20:701][  0]MapCheck: Info SM_Throne_Interior_Wall_BrokenPiece_48 StaticMeshComponent0 : Repaired painted vertex colors 
[2015.04.16-14.01.20:703][  0]MapCheck: Info SM_Throne_Interior_Wall_BrokenPiece_5 StaticMeshComponent0 : Repaired painted vertex colors 
[2015.04.16-14.01.20:705][  0]MapCheck: Info SM_Throne_Interior_Wall_BrokenPiece_50 StaticMeshComponent0 : Repaired painted vertex colors 
[2015.04.16-14.01.20:711][  0]MapCheck: Info SM_Throne_Interior_Wall_BrokenPiece_52 StaticMeshComponent0 : Repaired painted vertex colors 
[2015.04.16-14.01.20:713][  0]MapCheck: Info SM_Throne_Interior_Wall_BrokenPiece_53 StaticMeshComponent0 : Repaired painted vertex colors 
[2015.04.16-14.01.20:717][  0]MapCheck: Info SM_Throne_Interior_Wall_BrokenPiece_54 StaticMeshComponent0 : Repaired painted vertex colors 
[2015.04.16-14.01.20:720][  0]MapCheck: Info SM_Throne_Interior_Wall_BrokenPiece_62 StaticMeshComponent0 : Repaired painted vertex colors 
[2015.04.16-14.01.20:723][  0]MapCheck: Info SM_Throne_Interior_Wall_BrokenPiece_64 StaticMeshComponent0 : Repaired painted vertex colors 
[2015.04.16-14.01.20:724][  0]MapCheck: Info SM_Throne_Interior_Wall_BrokenPiece_7 StaticMeshComponent0 : Repaired painted vertex colors 
[2015.04.16-14.01.20:726][  0]MapCheck: Info SM_Throne_Interior_Wall_BrokenPiece_76 StaticMeshComponent0 : Repaired painted vertex colors 
[2015.04.16-14.01.20:728][  0]MapCheck: Info SM_Throne_Interior_Wall_BrokenPiece_78 StaticMeshComponent0 : Repaired painted vertex colors 
[2015.04.16-14.01.20:729][  0]MapCheck: Info SM_Throne_Interior_Wall_BrokenPiece_9 StaticMeshComponent0 : Repaired painted vertex colors 
[2015.04.16-14.01.20:745][  0]MapCheck: Info VG_Bridge_01B_3 StaticMeshComponent0 : Repaired painted vertex colors 
[2015.04.16-14.01.20:754][  0]MapCheck: Info VG_Bridge_01B_4 StaticMeshComponent0 : Repaired painted vertex colors 
[2015.04.16-14.01.25:255][  0]LogEditorServer: Finished looking for orphan Actors (0.001 secs)
[2015.04.16-14.01.32:072][  0]LogAIModule: Creating AISystem for world DesertRallyRace
[2015.04.16-14.01.32:078][  0]Cmd: MAP CHECKDEP
[2015.04.16-14.01.32:079][  0]MapCheck: New page: DesertRallyRace - Apr 16, 2015, 6:01:32 AM
[2015.04.16-14.01.32:919][  0]MapCheck: Info Map check complete: 0 Error(s), 0 Warning(s), took 840.019ms to complete.
[2015.04.16-14.01.32:919][  0]LogFileHelpers: Loading map 'DesertRallyRace' took 127.485
[2015.04.16-14.01.33:734][  0]LogStats:Warning: MetaData mismatch. Did you assign a stat to two groups? New //STATGROUP_Threads//SplashScreenThread///Thread_13e4_0///////STATCAT_Advanced//// old //STATGROUP_Threads//SplashScreenThread///Thread_19d8_0///////STATCAT_Advanced////
[2015.04.16-14.01.33:734][  0]LogCollectionManager: Loaded 0 collections in 0.004151 seconds
[2015.04.16-14.01.33:789][  0]LogContentBrowser: Native class hierarchy populated in 0.0555 seconds. Added 1716 classes and 274 folders.
[2015.04.16-14.01.33:967][  0]LogContentBrowser: Native class hierarchy updated for 'SceneOutliner' in 0.0466 seconds. Added 1 classes and 2 folders.
[2015.04.16-14.01.34:369][  0]LogCrashTracker: Crashtracker disabled due to settings.
[2015.04.16-14.01.34:373][  0]LogSlate:Warning: Failed to load font data from 'Veranda'
[2015.04.16-14.01.34:454][  0]LogUObjectGlobals:Warning: Failed to find object 'Class None.'
[2015.04.16-14.01.34:541][  0]LogLoad: Full Startup: 248.28 seconds (BP compile: 1.55 seconds)
[2015.04.16-14.01.36:064][  0]LogRenderer:Warning: Reallocating scene render targets to support 816x400 (Frame:2).
[2015.04.16-14.01.36:424][  1]Cmd: UpdateLandscapeEditorData -warnings
[2015.04.16-14.01.36:476][  1]Cmd: UpdateLandscapeEditorData
[2015.04.16-14.01.40:838][ 40]LogAssetRegistry: Asset discovery search completed in 206.5279 seconds
[2015.04.16-14.26.19:913][472]LogContentBrowser:Verbose: The content browser source was changed by the sources view to '/Classes_Game'
[2015.04.16-14.26.22:256][498]LogContentBrowser:Verbose: The content browser source was changed by the sources view to '/Classes_Game/VehicleGame'
[2015.04.16-14.26.23:439][520]LogContentBrowser:Verbose: The content browser source was changed by the sources view to '/Classes_Game/VehicleGame/Classes'
[2015.04.16-14.26.56:058][ 40]LogContentBrowser:Verbose: The content browser source was changed by the sources view to '/Classes_Game/VehicleGame/Private'
[2015.04.16-14.26.57:158][ 56]LogContentBrowser:Verbose: The content browser source was changed by the sources view to '/Classes_Game/VehicleGame/Private/UI'
[2015.04.16-14.26.58:108][ 73]LogContentBrowser:Verbose: The content browser source was changed by the sources view to '/Classes_Game/VehicleGame/Private/UI/Style'
[2015.04.16-15.19.38:936][ 72]LogActorComponent: UnregisterComponent: (/Engine/Transient.MovementComp) Not registered. Aborting.
[2015.04.16-15.19.39:026][ 72]LogParticles: Destroying 0 GPU particle simulations for FXSystem 0x000000000FEDCC20
[2015.04.16-15.19.39:606][ 73]Cmd: QUIT_EDITOR
[2015.04.16-15.19.40:021][ 73]LogExit: Preparing to exit.
[2015.04.16-15.19.40:601][ 73]LogExit: Editor shut down
[2015.04.16-15.19.40:602][ 73]LogExit: Transaction tracking system shut down
[2015.04.16-15.19.40:609][ 73]LogParticles: Destroying 0 GPU particle simulations for FXSystem 0x000000002D8E09A0
[2015.04.16-15.19.40:720][ 73]LogParticles: Destroying 0 GPU particle simulations for FXSystem 0x0000000013237560
[2015.04.16-15.19.40:721][ 73]LogParticles: Destroying 0 GPU particle simulations for FXSystem 0x0000000065224F40
[2015.04.16-15.19.41:181][ 73]LogExit: Object subsystem successfully closed.
[2015.04.16-15.19.41:276][ 73]LogModuleManager: Shutting down and abandoning module CrashTracker (179)
[2015.04.16-15.19.41:276][ 73]LogModuleManager: Shutting down and abandoning module SuperSearch (178)
[2015.04.16-15.19.41:276][ 73]LogModuleManager: Shutting down and abandoning module SceneOutliner (177)
[2015.04.16-15.19.41:276][ 73]LogModuleManager: Shutting down and abandoning module EditorWidgets (176)
[2015.04.16-15.19.41:276][ 73]LogModuleManager: Shutting down and abandoning module CollectionManager (175)
[2015.04.16-15.19.41:276][ 73]LogModuleManager: Shutting down and abandoning module StatsViewer (174)
[2015.04.16-15.19.41:277][ 73]LogModuleManager: Shutting down and abandoning module FoliageEdit (173)
[2015.04.16-15.19.41:277][ 73]LogModuleManager: Shutting down and abandoning module LandscapeEditor (172)
[2015.04.16-15.19.41:277][ 73]LogModuleManager: Shutting down and abandoning module MeshPaint (171)
[2015.04.16-15.19.41:277][ 73]LogModuleManager: Shutting down and abandoning module ActorPickerMode (170)
[2015.04.16-15.19.41:277][ 73]LogModuleManager: Shutting down and abandoning module GeometryMode (169)
[2015.04.16-15.19.41:277][ 73]LogModuleManager: Shutting down and abandoning module TextureAlignMode (168)
[2015.04.16-15.19.41:277][ 73]LogModuleManager: Shutting down and abandoning module BspMode (167)
[2015.04.16-15.19.41:277][ 73]LogModuleManager: Shutting down and abandoning module PlacementMode (166)
[2015.04.16-15.19.41:277][ 73]LogModuleManager: Shutting down and abandoning module AutomationWorker (165)
[2015.04.16-15.19.41:277][ 73]LogModuleManager: Shutting down and abandoning module CharacterAI (164)
[2015.04.16-15.19.41:277][ 73]LogModuleManager: Shutting down and abandoning module SmartSnapping (163)
[2015.04.16-15.19.41:277][ 73]LogModuleManager: Shutting down and abandoning module ViewportSnapping (162)
[2015.04.16-15.19.41:277][ 73]LogModuleManager: Shutting down and abandoning module LogVisualizer (161)
[2015.04.16-15.19.41:278][ 73]LogModuleManager: Shutting down and abandoning module GameProjectGeneration (160)
[2015.04.16-15.19.41:278][ 73]LogModuleManager: Shutting down and abandoning module IntroTutorials (159)
[2015.04.16-15.19.41:279][ 73]LogModuleManager: Shutting down and abandoning module EditorLiveStreaming (158)
[2015.04.16-15.19.41:279][ 73]LogModuleManager: Shutting down and abandoning module HardwareTargeting (157)
[2015.04.16-15.19.41:279][ 73]LogModuleManager: Shutting down and abandoning module DeviceProfileEditor (156)
[2015.04.16-15.19.41:279][ 73]LogModuleManager: Shutting down and abandoning module UndoHistory (155)
[2015.04.16-15.19.41:279][ 73]LogModuleManager: Shutting down and abandoning module GameplayTagsEditor (154)
[2015.04.16-15.19.41:279][ 73]LogModuleManager: Shutting down and abandoning module UserFeedback (153)
[2015.04.16-15.19.41:279][ 73]LogModuleManager: Shutting down and abandoning module XmlParser (152)
[2015.04.16-15.19.41:279][ 73]LogModuleManager: Shutting down and abandoning module Blutility (151)
[2015.04.16-15.19.41:279][ 73]LogModuleManager: Shutting down and abandoning module IOSPlatformEditor (150)
[2015.04.16-15.19.41:279][ 73]LogModuleManager: Shutting down and abandoning module IOSRuntimeSettings (149)
[2015.04.16-15.19.41:279][ 73]LogModuleManager: Shutting down and abandoning module AndroidDeviceDetection (148)
[2015.04.16-15.19.41:796][ 73]LogModuleManager: Shutting down and abandoning module AndroidPlatformEditor (147)
[2015.04.16-15.19.41:796][ 73]LogModuleManager: Shutting down and abandoning module AndroidRuntimeSettings (146)
[2015.04.16-15.19.41:796][ 73]LogModuleManager: Shutting down and abandoning module ProjectTargetPlatformEditor (145)
[2015.04.16-15.19.41:796][ 73]LogModuleManager: Shutting down and abandoning module ProjectSettingsViewer (144)
[2015.04.16-15.19.41:796][ 73]LogModuleManager: Shutting down and abandoning module InputBindingEditor (143)
[2015.04.16-15.19.41:796][ 73]LogModuleManager: Shutting down and abandoning module EditorSettingsViewer (142)
[2015.04.16-15.19.41:796][ 73]LogModuleManager: Shutting down and abandoning module SettingsEditor (141)
[2015.04.16-15.19.41:796][ 73]LogModuleManager: Shutting down and abandoning module ProjectLauncher (140)
[2015.04.16-15.19.41:796][ 73]LogModuleManager: Shutting down and abandoning module SessionFrontend (139)
[2015.04.16-15.19.41:796][ 73]LogModuleManager: Shutting down and abandoning module ProfilerClient (138)
[2015.04.16-15.19.41:796][ 73]LogModuleManager: Shutting down and abandoning module TargetDeviceServices (137)
[2015.04.16-15.19.41:797][ 73]LogModuleManager: Shutting down and abandoning module DeviceManager (136)
[2015.04.16-15.19.41:797][ 73]LogModuleManager: Shutting down and abandoning module AutomationController (135)
[2015.04.16-15.19.41:797][ 73]LogModuleManager: Shutting down and abandoning module AutomationWindow (134)
[2015.04.16-15.19.41:797][ 73]LogModuleManager: Shutting down and abandoning module Layers (133)
[2015.04.16-15.19.41:797][ 73]LogModuleManager: Shutting down and abandoning module ComponentVisualizers (132)
[2015.04.16-15.19.41:797][ 73]LogModuleManager: Shutting down and abandoning module DetailCustomizations (131)
[2015.04.16-15.19.41:797][ 73]LogModuleManager: Shutting down and abandoning module PackagesDialog (130)
[2015.04.16-15.19.41:797][ 73]LogModuleManager: Shutting down and abandoning module Persona (129)
[2015.04.16-15.19.41:797][ 73]LogModuleManager: Shutting down and abandoning module SlateReflector (128)
[2015.04.16-15.19.41:797][ 73]LogModuleManager: Shutting down and abandoning module LevelEditor (127)
[2015.04.16-15.19.41:798][ 73]LogModuleManager: Shutting down and abandoning module Kismet (126)
[2015.04.16-15.19.41:798][ 73]LogModuleManager: Shutting down and abandoning module GraphEditor (125)
[2015.04.16-15.19.41:798][ 73]LogModuleManager: Shutting down and abandoning module ClassViewer (124)
[2015.04.16-15.19.41:798][ 73]LogModuleManager: Shutting down and abandoning module Toolbox (123)
[2015.04.16-15.19.41:798][ 73]LogModuleManager: Shutting down and abandoning module ModuleUI (122)
[2015.04.16-15.19.41:798][ 73]LogModuleManager: Shutting down and abandoning module MovieSceneTools (121)
[2015.04.16-15.19.41:798][ 73]LogModuleManager: Shutting down and abandoning module OutputLog (120)
[2015.04.16-15.19.41:798][ 73]LogModuleManager: Shutting down and abandoning module GammaUI (119)
[2015.04.16-15.19.41:798][ 73]LogModuleManager: Shutting down and abandoning module Documentation (118)
[2015.04.16-15.19.41:798][ 73]LogModuleManager: Shutting down and abandoning module GameLiveStreaming (117)
[2015.04.16-15.19.41:798][ 73]LogModuleManager: Shutting down and abandoning module StreamingPauseRendering (116)
[2015.04.16-15.19.41:798][ 73]LogModuleManager: Shutting down and abandoning module HTTP (115)
[2015.04.16-15.19.41:798][ 73]LogModuleManager: Shutting down and abandoning module AnalyticsET (114)
[2015.04.16-15.19.41:799][ 73]LogModuleManager: Shutting down and abandoning module Analytics (113)
[2015.04.16-15.19.41:799][ 73]LogModuleManager: Shutting down and abandoning module AITestSuite (112)
[2015.04.16-15.19.41:799][ 73]LogModuleManager: Shutting down and abandoning module GameplayDebugger (111)
[2015.04.16-15.19.41:799][ 73]LogModuleManager: Shutting down and abandoning module AIModule (110)
[2015.04.16-15.19.41:799][ 73]LogModuleManager: Shutting down and abandoning module ProfilerService (109)
[2015.04.16-15.19.41:960][ 73]LogModuleManager: Shutting down and abandoning module TaskGraph (108)
[2015.04.16-15.19.41:960][ 73]LogModuleManager: Shutting down and abandoning module SlateRemote (107)
[2015.04.16-15.19.41:960][ 73]LogModuleManager: Shutting down and abandoning module ScriptEditorPlugin (106)
[2015.04.16-15.19.41:960][ 73]LogModuleManager: Shutting down and abandoning module CustomMeshComponent (105)
[2015.04.16-15.19.41:960][ 73]LogModuleManager: Shutting down and abandoning module CableComponent (104)
[2015.04.16-15.19.41:961][ 73]LogModuleManager: Shutting down and abandoning module MessagingDebugger (103)
[2015.04.16-15.19.41:961][ 73]LogModuleManager: Shutting down and abandoning module MediaPlayerEditor (102)
[2015.04.16-15.19.41:961][ 73]LogModuleManager: Shutting down and abandoning module SpeedTreeImporter (101)
[2015.04.16-15.19.41:961][ 73]LogModuleManager: Shutting down and abandoning module PluginsEditor (100)
[2015.04.16-15.19.41:961][ 73]LogModuleManager: Shutting down and abandoning module MainFrame (99)
[2015.04.16-15.19.41:961][ 73]LogModuleManager: Shutting down and abandoning module EpicSurvey (98)
[2015.04.16-15.19.41:961][ 73]LogModuleManager: Shutting down and abandoning module DesktopPlatform (97)
[2015.04.16-15.19.41:961][ 73]LogModuleManager: Shutting down and abandoning module HotReload (96)
[2015.04.16-15.19.41:962][ 73]LogModuleManager: Shutting down and abandoning module VisualStudioSourceCodeAccess (95)
[2015.04.16-15.19.41:962][ 73]LogModuleManager: Shutting down and abandoning module UObjectPlugin (94)
[2015.04.16-15.19.41:962][ 73]LogModuleManager: Shutting down and abandoning module SubversionSourceControl (93)
[2015.04.16-15.19.41:962][ 73]LogModuleManager: Shutting down and abandoning module PerforceSourceControl (92)
[2015.04.16-15.19.41:962][ 73]LogModuleManager: Shutting down and abandoning module SourceControl (91)
[2015.04.16-15.19.41:962][ 73]LogModuleManager: Shutting down and abandoning module GitSourceControl (90)
[2015.04.16-15.19.41:963][ 73]LogModuleManager: Shutting down and abandoning module BlankPlugin (89)
[2015.04.16-15.19.41:963][ 73]LogModuleManager: Shutting down and abandoning module PaperTiledImporter (88)
[2015.04.16-15.19.41:963][ 73]LogModuleManager: Shutting down and abandoning module PaperJsonImporter (87)
[2015.04.16-15.19.41:963][ 73]LogModuleManager: Shutting down and abandoning module ContentBrowser (86)
[2015.04.16-15.19.41:965][ 73]LogModuleManager: Shutting down and abandoning module Paper2DEditor (85)
[2015.04.16-15.19.41:965][ 73]LogModuleManager: Shutting down and abandoning module DirectoryWatcher (84)
[2015.04.16-15.19.41:967][ 73]LogModuleManager: Shutting down and abandoning module AssetRegistry (83)
[2015.04.16-15.19.42:119][ 73]LogModuleManager: Shutting down and abandoning module VehicleGame (82)
[2015.04.16-15.19.42:119][ 73]LogModuleManager: Shutting down and abandoning module ScriptPlugin (81)
[2015.04.16-15.19.42:119][ 73]LogModuleManager: Shutting down and abandoning module UdpMessaging (80)
[2015.04.16-15.19.42:219][ 73]LogModuleManager: Shutting down and abandoning module Paper2D (79)
[2015.04.16-15.19.42:219][ 73]LogModuleManager: Shutting down and abandoning module WindowsMoviePlayer (78)
[2015.04.16-15.19.42:233][ 73]LogModuleManager: Shutting down and abandoning module Media (77)
[2015.04.16-15.19.42:233][ 73]LogModuleManager: Shutting down and abandoning module WmfMedia (76)
[2015.04.16-15.19.42:266][ 73]LogModuleManager: Shutting down and abandoning module VehicleGameLoadingScreen (75)
[2015.04.16-15.19.42:266][ 73]LogModuleManager: Shutting down and abandoning module OnlineBlueprintSupport (74)
[2015.04.16-15.19.42:266][ 73]LogModuleManager: Shutting down and abandoning module PropertyEditor (73)
[2015.04.16-15.19.42:266][ 73]LogModuleManager: Shutting down and abandoning module BehaviorTreeEditor (72)
[2015.04.16-15.19.42:266][ 73]LogModuleManager: Shutting down and abandoning module FunctionalTesting (71)
[2015.04.16-15.19.42:266][ 73]LogModuleManager: Shutting down and abandoning module CollisionAnalyzer (70)
[2015.04.16-15.19.42:266][ 73]LogModuleManager: Shutting down and abandoning module WorkspaceMenuStructure (69)
[2015.04.16-15.19.42:266][ 73]LogModuleManager: Shutting down and abandoning module MessageLog (68)
[2015.04.16-15.19.42:267][ 73]LogModuleManager: Shutting down and abandoning module Sequencer (67)
[2015.04.16-15.19.42:267][ 73]LogModuleManager: Shutting down and abandoning module AssetTools (66)
[2015.04.16-15.19.42:267][ 73]LogModuleManager: Shutting down and abandoning module UMGEditor (65)
[2015.04.16-15.19.42:267][ 73]LogModuleManager: Shutting down and abandoning module UMG (64)
[2015.04.16-15.19.42:267][ 73]LogModuleManager: Shutting down and abandoning module Slate (63)
[2015.04.16-15.19.42:267][ 73]LogModuleManager: Shutting down and abandoning module EditorStyle (62)
[2015.04.16-15.19.42:281][ 73]LogModuleManager: Shutting down and abandoning module SessionServices (61)
[2015.04.16-15.19.42:282][ 73]LogModuleManager: Shutting down and abandoning module SourceCodeAccess (60)
[2015.04.16-15.19.42:282][ 73]LogModuleManager: Shutting down and abandoning module HeadMountedDisplay (59)
[2015.04.16-15.19.42:282][ 73]LogModuleManager: Shutting down and abandoning module XAudio2 (58)
[2015.04.16-15.19.42:282][ 73]LogModuleManager: Shutting down and abandoning module Networking (56)
[2015.04.16-15.19.42:282][ 73]LogModuleManager: Shutting down and abandoning module Core (55)
[2015.04.16-15.19.42:282][ 73]LogModuleManager: Shutting down and abandoning module KismetCompiler (54)
[2015.04.16-15.19.42:282][ 73]LogModuleManager: Shutting down and abandoning module PhysXFormats (53)
[2015.04.16-15.19.42:282][ 73]LogModuleManager: Shutting down and abandoning module MeshUtilities (52)
[2015.04.16-15.19.42:282][ 73]LogModuleManager: Shutting down and abandoning module DerivedDataCache (51)
[2015.04.16-15.19.42:355][ 73]LogDerivedDataCache: Shutdown
[2015.04.16-15.19.42:355][ 73]LogModuleManager: Shutting down and abandoning module ShaderFormatOpenGL (50)
[2015.04.16-15.19.42:355][ 73]LogModuleManager: Shutting down and abandoning module ShaderFormatD3D (49)
[2015.04.16-15.19.42:355][ 73]LogModuleManager: Shutting down and abandoning module MetalShaderFormat (48)
[2015.04.16-15.19.42:355][ 73]LogModuleManager: Shutting down and abandoning module TextureFormatUncompressed (47)
[2015.04.16-15.19.42:355][ 73]LogModuleManager: Shutting down and abandoning module TextureFormatPVR (46)
[2015.04.16-15.19.42:355][ 73]LogModuleManager: Shutting down and abandoning module TextureFormatIntelISPCTexComp (45)
[2015.04.16-15.19.42:355][ 73]LogModuleManager: Shutting down and abandoning module TextureFormatDXT (44)
[2015.04.16-15.19.42:355][ 73]LogModuleManager: Shutting down and abandoning module ImageWrapper (43)
[2015.04.16-15.19.42:356][ 73]LogModuleManager: Shutting down and abandoning module TextureFormatASTC (42)
[2015.04.16-15.19.42:356][ 73]LogModuleManager: Shutting down and abandoning module TextureFormatAndroid (41)
[2015.04.16-15.19.42:356][ 73]LogModuleManager: Shutting down and abandoning module AudioFormatOpus (40)
[2015.04.16-15.19.42:356][ 73]LogModuleManager: Shutting down and abandoning module AudioFormatOgg (39)
[2015.04.16-15.19.42:356][ 73]LogModuleManager: Shutting down and abandoning module AudioFormatADPCM (38)
[2015.04.16-15.19.42:356][ 73]LogModuleManager: Shutting down and abandoning module LinuxTargetPlatform (37)
[2015.04.16-15.19.42:356][ 73]LogModuleManager: Shutting down and abandoning module LinuxServerTargetPlatform (36)
[2015.04.16-15.19.42:356][ 73]LogModuleManager: Shutting down and abandoning module LinuxNoEditorTargetPlatform (35)
[2015.04.16-15.19.42:356][ 73]LogModuleManager: Shutting down and abandoning module Messaging (34)
[2015.04.16-15.19.42:356][ 73]LogModuleManager: Shutting down and abandoning module IOSTargetPlatform (33)
[2015.04.16-15.19.42:356][ 73]LogModuleManager: Shutting down and abandoning module HTML5TargetPlatform (32)
[2015.04.16-15.19.42:356][ 73]LogModuleManager: Shutting down and abandoning module Android_PVRTCTargetPlatform (31)
[2015.04.16-15.19.42:356][ 73]LogModuleManager: Shutting down and abandoning module Android_ETC2TargetPlatform (30)
[2015.04.16-15.19.42:356][ 73]LogModuleManager: Shutting down and abandoning module Android_ETC1TargetPlatform (29)
[2015.04.16-15.19.42:357][ 73]LogModuleManager: Shutting down and abandoning module Android_ES31TargetPlatform (28)
[2015.04.16-15.19.42:357][ 73]LogModuleManager: Shutting down and abandoning module Android_DXTTargetPlatform (27)
[2015.04.16-15.19.42:357][ 73]LogModuleManager: Shutting down and abandoning module Android_ATCTargetPlatform (26)
[2015.04.16-15.19.42:357][ 73]LogModuleManager: Shutting down and abandoning module AndroidTargetPlatform (25)
[2015.04.16-15.19.42:357][ 73]LogModuleManager: Shutting down and abandoning module WindowsTargetPlatform (24)
[2015.04.16-15.19.42:357][ 73]LogModuleManager: Shutting down and abandoning module WindowsServerTargetPlatform (23)
[2015.04.16-15.19.42:357][ 73]LogModuleManager: Shutting down and abandoning module WindowsNoEditorTargetPlatform (22)
[2015.04.16-15.19.42:357][ 73]LogModuleManager: Shutting down and abandoning module WindowsClientTargetPlatform (21)
[2015.04.16-15.19.42:357][ 73]LogModuleManager: Shutting down and abandoning module TargetPlatform (20)
[2015.04.16-15.19.42:357][ 73]LogModuleManager: Shutting down and abandoning module InputCore (19)
[2015.04.16-15.19.42:357][ 73]LogModuleManager: Shutting down and abandoning module Settings (18)
[2015.04.16-15.19.42:357][ 73]LogModuleManager: Shutting down and abandoning module OnlineSubsystem (16)
[2015.04.16-15.19.42:357][ 73]LogModuleManager: Shutting down and abandoning module OculusRift (15)
[2015.04.16-15.19.42:357][ 73]LogModuleManager: Shutting down and abandoning module ExampleDeviceProfileSelector (14)
[2015.04.16-15.19.42:357][ 73]LogModuleManager: Shutting down and abandoning module TextureCompressor (13)
[2015.04.16-15.19.42:357][ 73]LogModuleManager: Shutting down and abandoning module ShaderCore (12)
[2015.04.16-15.19.42:357][ 73]LogModuleManager: Shutting down and abandoning module Landscape (11)
[2015.04.16-15.19.42:358][ 73]LogModuleManager: Shutting down and abandoning module SlateRHIRenderer (10)
[2015.04.16-15.19.42:364][ 73]LogModuleManager: Shutting down and abandoning module OpenGLDrv (9)
[2015.04.16-15.19.42:364][ 73]LogModuleManager: Shutting down and abandoning module D3D11RHI (8)
[2015.04.16-15.19.42:364][ 73]LogModuleManager: Shutting down and abandoning module Renderer (7)
[2015.04.16-15.19.42:364][ 73]LogModuleManager: Shutting down and abandoning module Engine (6)
[2015.04.16-15.19.42:364][ 73]LogModuleManager: Shutting down and abandoning module CoreUObject (5)
[2015.04.16-15.19.42:364][ 73]LogModuleManager: Shutting down and abandoning module NetworkFile (4)
[2015.04.16-15.19.42:364][ 73]LogModuleManager: Shutting down and abandoning module StreamingFile (3)
[2015.04.16-15.19.42:364][ 73]LogModuleManager: Shutting down and abandoning module SandboxFile (2)
[2015.04.16-15.19.42:364][ 73]LogModuleManager: Shutting down and abandoning module PakFile (1)
[2015.04.16-15.19.42:365][ 73]LogExit: Exiting.
[2015.04.16-15.19.42:424][ 73]Log file closed, 04/16/15 11:19:42
